[    0.000000] Linux version 4.15.0-212-generic (buildd@lcy02-amd64-083) (gcc version 7.5.0 (Ubuntu 7.5.0-3ubuntu1~18.04)) #223-Ubuntu SMP Tue May 23 13:09:22 UTC 2023 (Ubuntu 4.15.0-212.223-generic 4.15.18)
[    0.000000] Command line: BOOT_IMAGE=/boot/vmlinuz-4.15.0-212-generic root=LABEL=cloudimg-rootfs ro console=tty1 console=ttyS0
[    0.000000] KERNEL supported cpus:
[    0.000000]   Intel GenuineIntel
[    0.000000]   AMD AuthenticAMD
[    0.000000]   Centaur CentaurHauls
[    0.000000] x86/fpu: x87 FPU will use FXSAVE
[    0.000000] e820: BIOS-provided physical RAM map:
[    0.000000] BIOS-e820: [mem 0x0000000000000000-0x000000000009fbff] usable
[    0.000000] BIOS-e820: [mem 0x000000000009fc00-0x000000000009ffff] reserved
[    0.000000] BIOS-e820: [mem 0x00000000000f0000-0x00000000000fffff] reserved
[    0.000000] BIOS-e820: [mem 0x0000000000100000-0x000000003ffeffff] usable
[    0.000000] BIOS-e820: [mem 0x000000003fff0000-0x000000003fffffff] ACPI data
[    0.000000] BIOS-e820: [mem 0x00000000fec00000-0x00000000fec00fff] reserved
[    0.000000] BIOS-e820: [mem 0x00000000fee00000-0x00000000fee00fff] reserved
[    0.000000] BIOS-e820: [mem 0x00000000fffc0000-0x00000000ffffffff] reserved
[    0.000000] NX (Execute Disable) protection: active
[    0.000000] SMBIOS 2.5 present.
[    0.000000] DMI: innotek GmbH VirtualBox/VirtualBox, BIOS VirtualBox 12/01/2006
[    0.000000] Hypervisor detected: KVM
[    0.000000] e820: last_pfn = 0x3fff0 max_arch_pfn = 0x400000000
[    0.000000] MTRR: Disabled
[    0.000000] x86/PAT: MTRRs disabled, skipping PAT initialization too.
[    0.000000] CPU MTRRs all blank - virtualized system.
[    0.000000] x86/PAT: Configuration [0-7]: WB  WT  UC- UC  WB  WT  UC- UC  
[    0.000000] found SMP MP-table at [mem 0x0009fff0-0x0009ffff]
[    0.000000] Scanning 1 areas for low memory corruption
[    0.000000] RAMDISK: [mem 0x359cb000-0x36cdcfff]
[    0.000000] ACPI: Early table checksum verification disabled
[    0.000000] ACPI: RSDP 0x00000000000E0000 000024 (v02 VBOX  )
[    0.000000] ACPI: XSDT 0x000000003FFF0030 00003C (v01 VBOX   VBOXXSDT 00000001 ASL  00000061)
[    0.000000] ACPI: FACP 0x000000003FFF00F0 0000F4 (v04 VBOX   VBOXFACP 00000001 ASL  00000061)
[    0.000000] ACPI: DSDT 0x000000003FFF0610 002353 (v02 VBOX   VBOXBIOS 00000002 INTL 20100528)
[    0.000000] ACPI: FACS 0x000000003FFF0200 000040
[    0.000000] ACPI: FACS 0x000000003FFF0200 000040
[    0.000000] ACPI: APIC 0x000000003FFF0240 00005C (v02 VBOX   VBOXAPIC 00000001 ASL  00000061)
[    0.000000] ACPI: SSDT 0x000000003FFF02A0 00036C (v01 VBOX   VBOXCPUT 00000002 INTL 20100528)
[    0.000000] ACPI: Reserving FACP table memory at [mem 0x3fff00f0-0x3fff01e3]
[    0.000000] ACPI: Reserving DSDT table memory at [mem 0x3fff0610-0x3fff2962]
[    0.000000] ACPI: Reserving FACS table memory at [mem 0x3fff0200-0x3fff023f]
[    0.000000] ACPI: Reserving FACS table memory at [mem 0x3fff0200-0x3fff023f]
[    0.000000] ACPI: Reserving APIC table memory at [mem 0x3fff0240-0x3fff029b]
[    0.000000] ACPI: Reserving SSDT table memory at [mem 0x3fff02a0-0x3fff060b]
[    0.000000] No NUMA configuration found
[    0.000000] Faking a node at [mem 0x0000000000000000-0x000000003ffeffff]
[    0.000000] NODE_DATA(0) allocated [mem 0x3ffc5000-0x3ffeffff]
[    0.000000] kvm-clock: cpu 0, msr 0:3ff44001, primary cpu clock
[    0.000000] kvm-clock: Using msrs 4b564d01 and 4b564d00
[    0.000000] kvm-clock: using sched offset of 8339804398 cycles
[    0.000000] clocksource: kvm-clock: mask: 0xffffffffffffffff max_cycles: 0x1cd42e4dffb, max_idle_ns: 881590591483 ns
[    0.000000] Zone ranges:
[    0.000000]   DMA      [mem 0x0000000000001000-0x0000000000ffffff]
[    0.000000]   DMA32    [mem 0x0000000001000000-0x000000003ffeffff]
[    0.000000]   Normal   empty
[    0.000000]   Device   empty
[    0.000000] Movable zone start for each node
[    0.000000] Early memory node ranges
[    0.000000]   node   0: [mem 0x0000000000001000-0x000000000009efff]
[    0.000000]   node   0: [mem 0x0000000000100000-0x000000003ffeffff]
[    0.000000] Reserved but unavailable: 104 pages
[    0.000000] Initmem setup node 0 [mem 0x0000000000001000-0x000000003ffeffff]
[    0.000000] ACPI: PM-Timer IO Port: 0x4008
[    0.000000] IOAPIC[0]: apic_id 2, version 32, address 0xfec00000, GSI 0-23
[    0.000000] ACPI: INT_SRC_OVR (bus 0 bus_irq 0 global_irq 2 dfl dfl)
[    0.000000] ACPI: INT_SRC_OVR (bus 0 bus_irq 9 global_irq 9 low level)
[    0.000000] Using ACPI (MADT) for SMP configuration information
[    0.000000] smpboot: Allowing 2 CPUs, 0 hotplug CPUs
[    0.000000] PM: Registered nosave memory: [mem 0x00000000-0x00000fff]
[    0.000000] PM: Registered nosave memory: [mem 0x0009f000-0x0009ffff]
[    0.000000] PM: Registered nosave memory: [mem 0x000a0000-0x000effff]
[    0.000000] PM: Registered nosave memory: [mem 0x000f0000-0x000fffff]
[    0.000000] e820: [mem 0x40000000-0xfebfffff] available for PCI devices
[    0.000000] Booting paravirtualized kernel on KVM
[    0.000000] clocksource: refined-jiffies: mask: 0xffffffff max_cycles: 0xffffffff, max_idle_ns: 7645519600211568 ns
[    0.000000] setup_percpu: NR_CPUS:8192 nr_cpumask_bits:2 nr_cpu_ids:2 nr_node_ids:1
[    0.000000] percpu: Embedded 50 pages/cpu s167936 r8192 d28672 u1048576
[    0.000000] PV qspinlock hash table entries: 256 (order: 0, 4096 bytes)
[    0.000000] Built 1 zonelists, mobility grouping on.  Total pages: 257913
[    0.000000] Policy zone: DMA32
[    0.000000] Kernel command line: BOOT_IMAGE=/boot/vmlinuz-4.15.0-212-generic root=LABEL=cloudimg-rootfs ro console=tty1 console=ttyS0
[    0.000000] Memory: 982644K/1048120K available (12300K kernel code, 2477K rwdata, 4324K rodata, 2480K init, 2720K bss, 65476K reserved, 0K cma-reserved)
[    0.000000] SLUB: HWalign=64, Order=0-3, MinObjects=0, CPUs=2, Nodes=1
[    0.000000] ftrace: allocating 39508 entries in 155 pages
[    0.004000] Hierarchical RCU implementation.
[    0.004000] 	RCU restricting CPUs from NR_CPUS=8192 to nr_cpu_ids=2.
[    0.004000] 	Tasks RCU enabled.
[    0.004000] RCU: Adjusting geometry for rcu_fanout_leaf=16, nr_cpu_ids=2
[    0.004000] NR_IRQS: 524544, nr_irqs: 440, preallocated irqs: 16
[    0.004000] random: crng init done
[    0.004000] Console: colour VGA+ 80x25
[    0.004000] console [tty1] enabled
[    0.004000] console [ttyS0] enabled
[    0.004000] ACPI: Core revision 20170831
[    0.004000] ACPI: 2 ACPI AML tables successfully acquired and loaded
[    0.004000] APIC: Switch to symmetric I/O mode setup
[    0.008000] ..TIMER: vector=0x30 apic1=0 pin1=2 apic2=-1 pin2=-1
[    0.008022] tsc: Detected 2496.000 MHz processor
[    0.012032] Calibrating delay loop (skipped) preset value.. 4992.00 BogoMIPS (lpj=9984000)
[    0.016021] pid_max: default: 32768 minimum: 301
[    0.020296] Security Framework initialized
[    0.024018] Yama: becoming mindful.
[    0.028517] AppArmor: AppArmor initialized
[    0.091211] Dentry cache hash table entries: 131072 (order: 8, 1048576 bytes)
[    0.104862] Inode-cache hash table entries: 65536 (order: 7, 524288 bytes)
[    0.108416] Mount-cache hash table entries: 2048 (order: 2, 16384 bytes)
[    0.112407] Mountpoint-cache hash table entries: 2048 (order: 2, 16384 bytes)
[    0.130140] Last level iTLB entries: 4KB 0, 2MB 0, 4MB 0
[    0.132018] Last level dTLB entries: 4KB 0, 2MB 0, 4MB 0, 1GB 0
[    0.136024] Spectre V1 : Mitigation: usercopy/swapgs barriers and __user pointer sanitization
[    0.140019] Spectre V2 : Mitigation: Enhanced IBRS
[    0.144015] Spectre V2 : Spectre v2 / SpectreRSB mitigation: Filling RSB on context switch
[    0.148017] Spectre V2 : Spectre v2 / PBRSB-eIBRS: Retire a single CALL on VMEXIT
[    0.152015] RETBleed: Mitigation: Enhanced IBRS
[    0.156015] Speculative Store Bypass: Vulnerable
[    0.160857] Freeing SMP alternatives memory: 36K
[    0.284592] APIC calibration not consistent with PM-Timer: 101ms instead of 100ms
[    0.288000] APIC delta adjusted to PM-Timer: 6259750 (6323510)
[    0.289617] smpboot: CPU0: 12th Gen Intel(R) Core(TM) i5-12450H (family: 0x6, model: 0x9a, stepping: 0x3)
[    0.294152] Performance Events: unsupported p6 CPU model 154 no PMU driver, software events only.
[    0.296842] Hierarchical SRCU implementation.
[    0.306092] NMI watchdog: Perf event create on CPU 0 failed with -2
[    0.308023] NMI watchdog: Perf NMI watchdog permanently disabled
[    0.313923] smp: Bringing up secondary CPUs ...
[    0.322526] x86: Booting SMP configuration:
[    0.324019] .... node  #0, CPUs:      #1
[    0.004000] kvm-clock: cpu 1, msr 0:3ff44041, secondary cpu clock
[    0.367203] TSC synchronization [CPU#0 -> CPU#1]:
[    0.368000] Measured 63020 cycles TSC warp between CPUs, turning off TSC clock.
[    0.368000] tsc: Marking TSC unstable due to check_tsc_sync_source failed
[    0.372613] smp: Brought up 1 node, 2 CPUs
[    0.376015] smpboot: Max logical packages: 1
[    0.380015] smpboot: Total of 2 processors activated (9984.00 BogoMIPS)
[    0.392443] devtmpfs: initialized
[    0.400061] x86/mm: Memory block size: 128MB
[    0.409771] evm: security.selinux
[    0.416024] evm: security.SMACK64
[    0.420013] evm: security.SMACK64EXEC
[    0.428013] evm: security.SMACK64TRANSMUTE
[    0.432017] evm: security.SMACK64MMAP
[    0.436014] evm: security.apparmor
[    0.440017] evm: security.ima
[    0.444009] evm: security.capability
[    0.464465] clocksource: jiffies: mask: 0xffffffff max_cycles: 0xffffffff, max_idle_ns: 7645041785100000 ns
[    0.472060] futex hash table entries: 512 (order: 3, 32768 bytes)
[    0.476876] pinctrl core: initialized pinctrl subsystem
[    0.482293] RTC time: 15:29:59, date: 07/28/25
[    0.493907] NET: Registered protocol family 16
[    0.500346] audit: initializing netlink subsys (disabled)
[    0.512307] audit: type=2000 audit(1753716606.213:1): state=initialized audit_enabled=0 res=1
[    0.564416] cpuidle: using governor ladder
[    0.568049] cpuidle: using governor menu
[    0.572155] ACPI: bus type PCI registered
[    0.576018] acpiphp: ACPI Hot Plug PCI Controller Driver version: 0.5
[    0.584021] PCI: Using configuration type 1 for base access
[    0.612045] HugeTLB registered 2.00 MiB page size, pre-allocated 0 pages
[    0.628501] ACPI: Added _OSI(Module Device)
[    0.632022] ACPI: Added _OSI(Processor Device)
[    0.636021] ACPI: Added _OSI(3.0 _SCP Extensions)
[    0.640020] ACPI: Added _OSI(Processor Aggregator Device)
[    0.644015] ACPI: Added _OSI(Linux-Dell-Video)
[    0.648025] ACPI: Added _OSI(Linux-Lenovo-NV-HDMI-Audio)
[    0.652025] ACPI: Added _OSI(Linux-HPI-Hybrid-Graphics)
[    0.665082] ACPI: Executed 1 blocks of module-level executable AML code
[    0.696829] ACPI: Interpreter enabled
[    0.700058] ACPI: (supports S0 S5)
[    0.704015] ACPI: Using IOAPIC for interrupt routing
[    0.712409] PCI: Using host bridge windows from ACPI; if necessary, use "pci=nocrs" and report a bug
[    0.717171] ACPI: Enabled 2 GPEs in block 00 to 07
[    0.764673] ACPI: PCI Root Bridge [PCI0] (domain 0000 [bus 00-ff])
[    0.768023] acpi PNP0A03:00: _OSC: OS supports [ASPM ClockPM Segments MSI]
[    0.777310] acpi PNP0A03:00: _OSC: not requesting OS control; OS requires [ExtendedConfig ASPM ClockPM MSI]
[    0.780198] acpi PNP0A03:00: fail to add MMCONFIG information, can't access extended PCI configuration space under this bridge.
[    0.790043] PCI host bridge to bus 0000:00
[    0.792026] pci_bus 0000:00: root bus resource [io  0x0000-0x0cf7 window]
[    0.796035] pci_bus 0000:00: root bus resource [io  0x0d00-0xffff window]
[    0.800025] pci_bus 0000:00: root bus resource [mem 0x000a0000-0x000bffff window]
[    0.804013] pci_bus 0000:00: root bus resource [mem 0x40000000-0xfdffffff window]
[    0.808023] pci_bus 0000:00: root bus resource [bus 00-ff]
[    0.854636] pci 0000:00:01.1: legacy IDE quirk: reg 0x10: [io  0x01f0-0x01f7]
[    0.856023] pci 0000:00:01.1: legacy IDE quirk: reg 0x14: [io  0x03f6]
[    0.860053] pci 0000:00:01.1: legacy IDE quirk: reg 0x18: [io  0x0170-0x0177]
[    0.864024] pci 0000:00:01.1: legacy IDE quirk: reg 0x1c: [io  0x0376]
[    0.973554] pci 0000:00:07.0: quirk: [io  0x4000-0x403f] claimed by PIIX4 ACPI
[    0.976192] pci 0000:00:07.0: quirk: [io  0x4100-0x410f] claimed by PIIX4 SMB
[    1.012999] ACPI: PCI Interrupt Link [LNKA] (IRQs 5 9 10 *11)
[    1.022716] ACPI: PCI Interrupt Link [LNKB] (IRQs 5 9 *10 11)
[    1.025150] ACPI: PCI Interrupt Link [LNKC] (IRQs 5 *9 10 11)
[    1.028645] ACPI: PCI Interrupt Link [LNKD] (IRQs 5 9 10 *11)
[    1.040478] SCSI subsystem initialized
[    1.052845] pci 0000:00:02.0: vgaarb: setting as boot VGA device
[    1.056000] pci 0000:00:02.0: vgaarb: VGA device added: decodes=io+mem,owns=io+mem,locks=none
[    1.056085] pci 0000:00:02.0: vgaarb: bridge control possible
[    1.060017] vgaarb: loaded
[    1.064112] ACPI: bus type USB registered
[    1.072277] usbcore: registered new interface driver usbfs
[    1.076083] usbcore: registered new interface driver hub
[    1.080320] usbcore: registered new device driver usb
[    1.084243] EDAC MC: Ver: 3.0.0
[    1.100257] PCI: Using ACPI for IRQ routing
[    1.110558] NetLabel: Initializing
[    1.116023] NetLabel:  domain hash size = 128
[    1.120017] NetLabel:  protocols = UNLABELED CIPSOv4 CALIPSO
[    1.124104] NetLabel:  unlabeled traffic allowed by default
[    1.136926] clocksource: Switched to clocksource kvm-clock
[    1.270185] VFS: Disk quotas dquot_6.6.0
[    1.270185] VFS: Dquot-cache hash table entries: 512 (order 0, 4096 bytes)
[    1.270185] AppArmor: AppArmor Filesystem Enabled
[    1.356648] pnp: PnP ACPI init
[    1.360269] pnp: PnP ACPI: found 3 devices
[    1.569274] clocksource: acpi_pm: mask: 0xffffff max_cycles: 0xffffff, max_idle_ns: 2085701024 ns
[    1.573030] NET: Registered protocol family 2
[    1.573030] IP idents hash table entries: 16384 (order: 5, 131072 bytes)
[    1.573030] TCP established hash table entries: 8192 (order: 4, 65536 bytes)
[    1.690265] TCP bind hash table entries: 8192 (order: 5, 131072 bytes)
[    1.740354] TCP: Hash tables configured (established 8192 bind 8192)
[    1.740354] UDP hash table entries: 512 (order: 2, 16384 bytes)
[    1.740354] UDP-Lite hash table entries: 512 (order: 2, 16384 bytes)
[    1.740354] NET: Registered protocol family 1
[    1.740354] pci 0000:00:00.0: Limiting direct PCI/PCI transfers
[    1.740354] pci 0000:00:01.0: Activating ISA DMA hang workarounds
[    1.740354] pci 0000:00:02.0: Video device with shadowed ROM at [mem 0x000c0000-0x000dffff]
[    1.872765] Unpacking initramfs...
[    4.230685] Freeing initrd memory: 19528K
[    4.230685] clocksource: tsc: mask: 0xffffffffffffffff max_cycles: 0x23fa772cf26, max_idle_ns: 440795269835 ns
[    4.533454] platform rtc_cmos: registered platform RTC device (no PNP device found)
[    4.536507] Scanning for low memory corruption every 60 seconds
[    4.626963] Initialise system trusted keyrings
[    4.628371] Key type blacklist registered
[    4.665990] workingset: timestamp_bits=36 max_order=18 bucket_order=0
[    4.668153] zbud: loaded
[    4.717003] squashfs: version 4.0 (2009/01/31) Phillip Lougher
[    4.743400] fuse init (API version 7.26)
[    4.855935] Key type asymmetric registered
[    4.857046] Asymmetric key parser 'x509' registered
[    4.857046] Block layer SCSI generic (bsg) driver version 0.4 loaded (major 246)
[    4.917593] io scheduler noop registered
[    4.921414] io scheduler deadline registered
[    4.921414] io scheduler cfq registered (default)
[    4.975056] ACPI: AC Adapter [AC] (on-line)
[    4.977746] input: Power Button as /devices/LNXSYSTM:00/LNXPWRBN:00/input/input0
[    5.025177] ACPI: Power Button [PWRF]
[    5.043571] input: Sleep Button as /devices/LNXSYSTM:00/LNXSLPBN:00/input/input1
[    5.046841] ACPI: Sleep Button [SLPF]
[    5.089431] Serial: 8250/16550 driver, 32 ports, IRQ sharing enabled
[    5.088407] ACPI: Battery Slot [BAT0] (battery present)
[    5.192605] 00:02: ttyS0 at I/O 0x3f8 (irq = 4, base_baud = 115200) is a 16550A
[    5.283137] Linux agpgart interface v0.103
[    5.355070] loop: module loaded
[    5.380001] scsi host0: ata_piix
[    5.463366] scsi host1: ata_piix
[    5.478075] ata1: PATA max UDMA/33 cmd 0x1f0 ctl 0x3f6 bmdma 0xd000 irq 14
[    5.495483] ata2: PATA max UDMA/33 cmd 0x170 ctl 0x376 bmdma 0xd008 irq 15
[    5.517659] tun: Universal TUN/TAP device driver, 1.6
[    5.532971] PPP generic driver version 2.4.2
[    5.551908] ehci_hcd: USB 2.0 'Enhanced' Host Controller (EHCI) Driver
[    5.576454] ehci-pci: EHCI PCI platform driver
[    5.594780] ehci-platform: EHCI generic platform driver
[    5.602875] ohci_hcd: USB 1.1 'Open' Host Controller (OHCI) Driver
[    5.623333] ohci-pci: OHCI PCI platform driver
[    5.642525] ohci-platform: OHCI generic platform driver
[    5.670029] uhci_hcd: USB Universal Host Controller Interface driver
[    5.779862] i8042: PNP: PS/2 Controller [PNP0303:PS2K,PNP0f03:PS2M] at 0x60,0x64 irq 1,12
[    5.833408] serio: i8042 KBD port at 0x60,0x64 irq 1
[    5.853568] serio: i8042 AUX port at 0x60,0x64 irq 12
[    5.879203] mousedev: PS/2 mouse device common for all mice
[    5.915861] rtc_cmos rtc_cmos: rtc core: registered rtc_cmos as rtc0
[    5.939569] input: AT Translated Set 2 keyboard as /devices/platform/i8042/serio0/input/input2
[    5.942520] rtc_cmos rtc_cmos: alarms up to one day, 114 bytes nvram
[    6.005457] i2c /dev entries driver
[    6.023728] device-mapper: uevent: version 1.0.3
[    6.044702] device-mapper: ioctl: 4.37.0-ioctl (2017-09-20) initialised: dm-devel@redhat.com
[    6.137164] ledtrig-cpu: registered to indicate activity on CPUs
[    6.242631] NET: Registered protocol family 10
[    6.384910] Segment Routing with IPv6
[    6.405191] NET: Registered protocol family 17
[    6.427364] Key type dns_resolver registered
[    6.443336] mce: Using 0 MCE banks
[    6.451868] RAS: Correctable Errors collector initialized.
[    6.465053] sched_clock: Marking stable (6464822383, 0)->(11258967837, -4794145454)
[    6.503212] registered taskstats version 1
[    6.518471] Loading compiled-in X.509 certificates
[    6.569101] Loaded X.509 cert 'Build time autogenerated kernel key: b5b26778eaa3ab3a4a6cee031137706e947d12ad'
[    6.606058] Loaded X.509 cert 'Canonical Ltd. Live Patch Signing: 14df34d1a87cf37625abec039ef2bf521249b969'
[    6.621484] Loaded X.509 cert 'Canonical Ltd. Kernel Module Signing: 88f752e560a1e0737e31163a466ad7b70a850c19'
[    6.633969] blacklist: Loading compiled-in revocation X.509 certificates
[    6.647871] Loaded X.509 cert 'Canonical Ltd. Secure Boot Signing: 61482aa2830d0ab2ad5af10b7250da9033ddcef0'
[    6.707181] Loaded X.509 cert 'Canonical Ltd. Secure Boot Signing (2017): 242ade75ac4a15e50d50c84b0d45ff3eae707a03'
[    6.759438] Loaded X.509 cert 'Canonical Ltd. Secure Boot Signing (ESM 2018): 365188c1d374d6b07c3c8f240f8ef722433d6a8b'
[    6.806474] Loaded X.509 cert 'Canonical Ltd. Secure Boot Signing (2019): c0746fd6c5da3ae827864651ad66ae47fe24b3e8'
[    6.841981] Loaded X.509 cert 'Canonical Ltd. Secure Boot Signing (2021 v1): a8d54bbb3825cfb94fa13c9f8a594a195c107b8d'
[    6.881458] Loaded X.509 cert 'Canonical Ltd. Secure Boot Signing (2021 v2): 4cf046892d6fd3c9a5b03f98d845f90851dc6a8c'
[    6.925889] Loaded X.509 cert 'Canonical Ltd. Secure Boot Signing (2021 v3): 100437bb6de6e469b581e61cd66bce3ef4ed53af'
[    6.973353] Loaded X.509 cert 'Canonical Ltd. Secure Boot Signing (Ubuntu Core 2019): c1d57b8f6b743f23ee41f4f7ee292f06eecadfb9'
[    7.028490] zswap: loaded using pool lzo/zbud
[    7.137227] Key type big_key registered
[    7.153982] Key type trusted registered
[    7.189932] Key type encrypted registered
[    7.207463] AppArmor: AppArmor sha1 policy hashing enabled
[    7.230755] ima: No TPM chip found, activating TPM-bypass! (rc=-19)
[    7.255796] ima: Allocated hash algorithm: sha1
[    7.272416] evm: HMAC attrs: 0x1
[    7.291502]   Magic number: 1:628:488
[    7.308319] regulator regulator.0: hash matches
[    7.327600] rtc_cmos rtc_cmos: setting system clock to 2025-07-28 15:30:07 UTC (1753716607)
[    7.363311] BIOS EDD facility v0.16 2004-Jun-25, 0 devices found
[    7.386255] EDD information not available.
[    7.420388] Freeing unused kernel image memory: 2480K
[    7.459506] Write protecting the kernel read-only data: 20480k
[    7.525272] Freeing unused kernel image memory: 2008K
[    7.576760] Freeing unused kernel image memory: 1820K
[    7.598374] x86/mm: Checked W+X mappings: passed, no W+X pages found.
Loading, please wait...
starting version 237
[    8.067965] Fusion MPT base driver 3.04.20
[    8.086464] Copyright (c) 1999-2008 LSI Corporation
[    8.129537] e1000: Intel(R) PRO/1000 Network Driver - version 7.3.21-k8-NAPI
[    8.163908] e1000: Copyright (c) 1999-2006 Intel Corporation.
[    8.358270] Fusion MPT SPI Host driver 3.04.20
[    8.409525] SSE version of gcm_enc/dec engaged.
[    8.622333] input: ImExPS/2 Generic Explorer Mouse as /devices/platform/i8042/serio1/input/input4
[   11.237898] e1000 0000:00:03.0 eth0: (PCI:33MHz:32-bit) 02:3b:7b:b7:3b:2d
[   11.274315] e1000 0000:00:03.0 eth0: Intel(R) PRO/1000 Network Connection
[   11.357149] mptbase: ioc0: Initiating bringup
[   11.358124] e1000 0000:00:03.0 enp0s3: renamed from eth0
[   11.544786] ioc0: LSI53C1030 A0: Capabilities={Initiator}
[   12.513935] scsi host2: ioc0: LSI53C1030 A0, FwRev=00000000h, Ports=1, MaxQ=256, IRQ=20
[   12.762847] scsi 2:0:0:0: Direct-Access     VBOX     HARDDISK         1.0  PQ: 0 ANSI: 5
[   12.802969] scsi target2:0:0: Beginning Domain Validation
[   12.892011] scsi target2:0:0: Domain Validation skipping write tests
[   12.973079] scsi target2:0:0: Ending Domain Validation
[   13.007061] scsi target2:0:0: asynchronous
[   13.027151] scsi 2:0:1:0: Direct-Access     VBOX     HARDDISK         1.0  PQ: 0 ANSI: 5
[   13.924961] scsi target2:0:1: Beginning Domain Validation
[   13.996457] scsi target2:0:1: Domain Validation skipping write tests
[   14.013946] scsi target2:0:1: Ending Domain Validation
[   14.027753] scsi target2:0:1: asynchronous
[   14.166653] sd 2:0:0:0: Attached scsi generic sg0 type 0
[   14.254650] sd 2:0:1:0: Attached scsi generic sg1 type 0
[   14.280652] sd 2:0:0:0: [sda] 83886080 512-byte logical blocks: (42.9 GB/40.0 GiB)
[   14.320353] sd 2:0:0:0: [sda] Write Protect is off
[   14.357036] sd 2:0:1:0: [sdb] 20480 512-byte logical blocks: (10.5 MB/10.0 MiB)
[   14.360580] sd 2:0:0:0: [sda] Incomplete mode parameter data
[   14.421459] sd 2:0:0:0: [sda] Assuming drive cache: write through
[   14.421917] sd 2:0:1:0: [sdb] Write Protect is off
[   14.472987] sd 2:0:1:0: [sdb] Incomplete mode parameter data
[   14.475583]  sda: sda1
[   14.493589] sd 2:0:1:0: [sdb] Assuming drive cache: write through
[   14.562385] sd 2:0:0:0: [sda] Attached SCSI disk
[   14.602319] sd 2:0:1:0: [sdb] Attached SCSI disk
Begin: Loading essential drivers ... [   21.910094] raid6: sse2x1   gen() 91058 MB/s
[   23.917747] raid6: sse2x1   xor() 28616 MB/s
[   25.912782] raid6: sse2x2   gen() 108488 MB/s
[   27.912290] raid6: sse2x2   xor() 49568 MB/s
[   27.974027] raid6: sse2x4   gen()  2748 MB/s
[   28.089167] raid6: sse2x4   xor()  1341 MB/s
[   28.118317] raid6: using algorithm sse2x2 gen() 108488 MB/s
[   28.157708] raid6: .... xor() 49568 MB/s, rmw enabled
[   28.190954] raid6: using ssse3x2 recovery algorithm
[   28.302252] xor: measuring software checksum speed
[   28.361836]    prefetch64-sse:  6297.000 MB/sec
[   28.417131]    generic_sse:  6426.000 MB/sec
[   28.473216] xor: using function: generic_sse (6426.000 MB/sec)
[   28.532938] async_tx: api initialized (async)
done.
Begin: Running /scripts/init-premount ... done.
Begin: Mounting root file system ... Begin: Running /scripts/local-top ... done.
Begin: Running /scripts/local-premount ... [   28.917496] Btrfs loaded, crc32c=crc32c-intel
Scanning for Btrfs filesystems
done.
Warning: fsck not present, so skipping root file system
[   29.194132] EXT4-fs (sda1): mounted filesystem with ordered data mode. Opts: (null)
done.
Begin: Running /scripts/local-bottom ... done.
Begin: Running /scripts/init-bottom ... done.
[   30.297541] ip_tables: (C) 2000-2006 Netfilter Core Team
[   30.453480] systemd[1]: systemd 237 running in system mode. (+PAM +AUDIT +SELINUX +IMA +APPARMOR +SMACK +SYSVINIT +UTMP +LIBCRYPTSETUP +GCRYPT +GNUTLS +ACL +XZ +LZ4 +SECCOMP +BLKID +ELFUTILS +KMOD -IDN2 +IDN -PCRE2 default-hierarchy=hybrid)
[   30.527301] systemd[1]: Detected virtualization oracle.
[   30.554739] systemd[1]: Detected architecture x86-64.

Welcome to [1mUbuntu 18.04.6 LTS[0m!

[   30.736995] systemd[1]: Set hostname to <ubuntu>.
[   30.990390] systemd[1]: Initializing machine ID from random generator.
[   31.032025] systemd[1]: Installed transient /etc/machine-id file.
[   32.610419] systemd[1]: Created slice System Slice.
[[0;32m  OK  [0m] Created slice System Slice.
[   32.649320] systemd[1]: Listening on Network Service Netlink Socket.
[[0;32m  OK  [0m] Listening on Network Service Netlink Socket.
[   32.719072] systemd[1]: Reached target Mounting snaps.
[[0;32m  OK  [0m] Reached target Mounting snaps.
[   32.773848] systemd[1]: Set up automount Arbitrary Executable File Formats File System Automount Point.
[[0;32m  OK  [0m] Set up automount Arbitrary Executab…rmats File System Automount Point.
[[0;32m  OK  [0m] Started Forward Password Requests to Wall Directory Watch.
[[0;32m  OK  [0m] Listening on fsck to fsckd communication Socket.
[[0;32m  OK  [0m] Created slice User and Session Slice.
[[0;32m  OK  [0m] Reached target Slices.
[[0;32m  OK  [0m] Listening on LVM2 metadata daemon socket.
[[0;32m  OK  [0m] Listening on Journal Audit Socket.
[[0;32m  OK  [0m] Reached target System Time Synchronized.
[[0;32m  OK  [0m] Listening on /dev/initctl Compatibility Named Pipe.
[[0;32m  OK  [0m] Listening on udev Control Socket.
[[0;32m  OK  [0m] Listening on Syslog Socket.
[[0;32m  OK  [0m] Reached target User and Group Name Lookups.
[[0;32m  OK  [0m] Listening on udev Kernel Socket.
[[0;32m  OK  [0m] Reached target Mounted snaps.
[[0;32m  OK  [0m] Created slice system-serial\x2dgetty.slice.
[[0;32m  OK  [0m] Reached target Swap.
[[0;32m  OK  [0m] Listening on Journal Socket.
         Starting udev Coldplug all Devices...
         Mounting POSIX Message Queue File System...
         Starting Uncomplicated firewall...
         Starting Create list of required st…ce nodes for the current kernel...
         Starting Set the console keyboard layout...
         Starting Load Kernel Modules...
         Starting File System Check on Root Device...
         Mounting Kernel Debug File System...
[[0;32m  OK  [0m] Listening on LVM2 poll daemon socket.
[[0;32m  OK  [0m] Listening on Device-mapper event daemon FIFOs.
         Starting Monitoring of LVM2 mirrors…ng dmeventd or progress polling...
         Mounting Huge Pages File System...
[[0;32m  OK  [0m] Listening on Journal Socket (/dev/log).
         Starting Journal Service...
[[0;32m  OK  [0m] Mounted POSIX Message Queue File System.
[[0;32m  OK  [0m] Started Uncomplicated firewall.
[   33.582172] Loading iSCSI transport class v2.0-870.
[[0;32m  OK  [0m] Started Create list of required sta…vice nodes for the current kernel.
[[0;32m  OK  [0m] Mounted Kernel Debug File System.
[[0;32m  OK  [0m] Mounted Huge Pages File System.
[[0;32m  OK  [0m] Started File System Check Daemon to report status.
         Starting Create Static Device Nodes in /dev...
[[0;32m  OK  [0m] Started udev Coldplug all Devices.
[   33.734244] iscsi: registered transport (tcp)
[[0;32m  OK  [0m] Started LVM2 metadata daemon.
[[0;32m  OK  [0m] Started File System Check on Root Device.
         Starting Remount Root and Kernel File Systems...
[[0;32m  OK  [0m] Started Journal Service.
[   34.296094] EXT4-fs (sda1): re-mounted. Opts: (null)
[[0;32m  OK  [0m] Started Remount Root and Kernel File Systems.
         Starting Flush Journal to Persistent Storage...
         Starting Load/Save Random Seed...
[[0;32m  OK  [0m] Started Create Static Device Nodes in /dev.
         Starting udev Kernel Device Manager...
[[0;32m  OK  [0m] Started Load/Save Random Seed.
[   34.558631] systemd-journald[414]: Received request to flush runtime journal from PID 1
[[0;32m  OK  [0m] Started Monitoring of LVM2 mirrors,…sing dmeventd or progress polling.
[   34.849457] iscsi: registered transport (iser)
[[0;32m  OK  [0m] Started Load Kernel Modules.
[[0;32m  OK  [0m] Started Flush Journal to Persistent Storage.
         Starting Apply Kernel Variables...
         Mounting FUSE Control File System...
         Mounting Kernel Configuration File System...
[[0;32m  OK  [0m] Mounted Kernel Configuration File System.
[[0;32m  OK  [0m] Mounted FUSE Control File System.
[[0;32m  OK  [0m] Started udev Kernel Device Manager.
[[0;32m  OK  [0m] Started Apply Kernel Variables.
[[0;32m  OK  [0m] Found device /dev/ttyS0.
[[0;32m  OK  [0m] Listening on Load/Save RF Kill Switch Status /dev/rfkill Watch.
[[0;32m  OK  [0m] Started Set the console keyboard layout.
         Mounting Arbitrary Executable File Formats File System...
[[0;32m  OK  [0m] Reached target Local File Systems (Pre).
[[0;32m  OK  [0m] Reached target Local File Systems.
         Starting AppArmor initialization...
         Starting Set console font and keymap...
         Starting Create Volatile Files and Directories...
         Starting Tell Plymouth To Write Out Runtime Data...
         Starting ebtables ruleset management...
         Starting Commit a transient machine-id on disk...
[[0;32m  OK  [0m] Started Dispatch Password Requests to Console Directory Watch.
[[0;32m  OK  [0m] Reached target Local Encrypted Volumes.
[[0;32m  OK  [0m] Mounted Arbitrary Executable File Formats File System.
[[0;32m  OK  [0m] Started Create Volatile Files and Directories.
[[0;32m  OK  [0m] Started Tell Plymouth To Write Out Runtime Data.
         Starting Update UTMP about System Boot/Shutdown...
[[0;32m  OK  [0m] Started Commit a transient machine-id on disk.
[[0;32m  OK  [0m] Started Update UTMP about System Boot/Shutdown.
[[0;32m  OK  [0m] Started ebtables ruleset management.
[[0;32m  OK  [0m] Started AppArmor initialization.
         Starting Load AppArmor profiles managed internally by snapd...
         Starting Initial cloud-init job (pre-networking)...
[[0;32m  OK  [0m] Started Load AppArmor profiles managed internally by snapd.
[[0;32m  OK  [0m] Started Set console font and keymap.
[   49.509384] cloud-init[777]: Cloud-init v. 23.1.2-0ubuntu0~18.04.1 running 'init-local' at Mon, 28 Jul 2025 15:30:48 +0000. Up 47.92 seconds.
[[0;32m  OK  [0m] Started Initial cloud-init job (pre-networking).
[[0;32m  OK  [0m] Reached target Network (Pre).
         Starting Network Service...
[[0;32m  OK  [0m] Started Network Service.
         Starting Wait for Network to be Configured...
         Starting Network Name Resolution...
[[0;32m  OK  [0m] Started Network Name Resolution.
[[0;32m  OK  [0m] Reached target Network.
[[0;32m  OK  [0m] Reached target Host and Network Name Lookups.
[[0;32m  OK  [0m] Started Wait for Network to be Configured.
         Starting Initial cloud-init job (metadata service crawler)...
[   54.561874] cloud-init[904]: Cloud-init v. 23.1.2-0ubuntu0~18.04.1 running 'init' at Mon, 28 Jul 2025 15:30:54 +0000. Up 53.93 seconds.
[   54.584491] cloud-init[904]: ci-info: ++++++++++++++++++++++++++++++++++++++Net device info++++++++++++++++++++++++++++++++++++++
[   54.602483] cloud-init[904]: ci-info: +--------+------+----------------------------+---------------+--------+-------------------+
[   54.619314] cloud-init[904]: ci-info: | Device |  Up  |          Address           |      Mask     | Scope  |     Hw-Address    |
[   54.634869] cloud-init[904]: ci-info: +--------+------+----------------------------+---------------+--------+-------------------+
[   54.652972] cloud-init[904]: ci-info: | enp0s3 | True |         10.0.2.15          | 255.255.255.0 | global | 02:3b:7b:b7:3b:2d |
[   54.667013] cloud-init[904]: ci-info: | enp0s3 | True | fe80::3b:7bff:feb7:3b2d/64 |       .       |  link  | 02:3b:7b:b7:3b:2d |
[   54.679272] cloud-init[904]: ci-info: |   lo   | True |         127.0.0.1          |   255.0.0.0   |  host  |         .         |
[   54.697116] cloud-init[904]: ci-info: |   lo   | True |          ::1/128           |       .       |  host  |         .         |
[   54.714265] cloud-init[904]: ci-info: +--------+------+----------------------------+---------------+--------+-------------------+
[   54.732624] cloud-init[904]: ci-info: ++++++++++++++++++++++++++++Route IPv4 info+++++++++++++++++++++++++++++
[   54.751609] cloud-init[904]: ci-info: +-------+-------------+----------+-----------------+-----------+-------+
[   54.781907] cloud-init[904]: ci-info: | Route | Destination | Gateway  |     Genmask     | Interface | Flags |
[   54.805489] cloud-init[904]: ci-info: +-------+-------------+----------+-----------------+-----------+-------+
[   54.826532] cloud-init[904]: ci-info: |   0   |   0.0.0.0   | 10.0.2.2 |     0.0.0.0     |   enp0s3  |   UG  |
[   54.851576] cloud-init[904]: ci-info: |   1   |   10.0.2.0  | 0.0.0.0  |  255.255.255.0  |   enp0s3  |   U   |
[   54.873949] cloud-init[904]: ci-info: |   2   |   10.0.2.2  | 0.0.0.0  | 255.255.255.255 |   enp0s3  |   UH  |
[   54.891733] cloud-init[904]: ci-info: +-------+-------------+----------+-----------------+-----------+-------+
[   54.910455] cloud-init[904]: ci-info: +++++++++++++++++++Route IPv6 info+++++++++++++++++++
[   54.934930] cloud-init[904]: ci-info: +-------+-------------+---------+-----------+-------+
[   54.957503] cloud-init[904]: ci-info: | Route | Destination | Gateway | Interface | Flags |
[   54.973466] cloud-init[904]: ci-info: +-------+-------------+---------+-----------+-------+
[   54.982028] cloud-init[904]: ci-info: |   1   |  fe80::/64  |    ::   |   enp0s3  |   U   |
[   54.995057] cloud-init[904]: ci-info: |   3   |    local    |    ::   |   enp0s3  |   U   |
[   55.018470] cloud-init[904]: ci-info: |   4   |   ff00::/8  |    ::   |   enp0s3  |   U   |
[   55.033914] cloud-init[904]: ci-info: +-------+-------------+---------+-----------+-------+
[   58.086414] cloud-init[904]: Generating public/private rsa key pair.
[   58.113694] cloud-init[904]: Your identification has been saved in /etc/ssh/ssh_host_rsa_key.
[   58.185200] cloud-init[904]: Your public key has been saved in /etc/ssh/ssh_host_rsa_key.pub.
[   58.221358] cloud-init[904]: The key fingerprint is:
[   58.241062] cloud-init[904]: SHA256:FYwy2ft9PbyxBHG7lvH5I6yEJEbxKftlREvElFDYyRg root@ubuntu-bionic
[   58.263240] cloud-init[904]: The key's randomart image is:
[   58.287169] cloud-init[904]: +---[RSA 2048]----+
[[0;32m  OK  [0m] Started Initial cloud-init job (metadata service crawler).
[[0;32m  OK  [0m] Reached target Network is Online.
[   58.317398] cloud-init[904]: [[0;32m  OK  [0m] Reached target Remote File Systems (Pre).
[[0;32m  OK  [0m] Reached target Remote File Systems.
         Starting Availability of block devices...
[[0;32m  OK  [0m] Reached target Cloud-config availability.
[[0;32m  OK  [0m] Reached target System Initialization.
[[0;32m  OK  [0m] Started Daily apt download activities.
[[0;32m  OK  [0m] Started Daily Cleanup of Temporary Directories.
         Starting Socket activation for snappy daemon.
[[0;32m  OK  [0m] Listening on Open-iSCSI iscsid Socket.
         Starting LXD - unix socket.
[[0;32m  OK  [0m] Listening on UUID daemon activation socket.
[[0;32m  OK  [0m] Started Discard unused blocks once a week.
[[0;32m  OK  [0m] Listening on ACPID Listen Socket.
[[0;32m  OK  [0m] Started Message of the Day.
[[0;32m  OK  [0m] Started Daily apt upgrade and clean activities.
[[0;32m  OK  [0m] Started Ubuntu Advantage Timer for running repeated jobs.
[[0;32m  OK  [0m] Listening on cloud-init hotplug hook socket.
[[0;32m  OK  [0m] Started ACPI Events Check.
[[0;32m  OK  [0m] Reached target Paths.
[[0;32m  OK  [0m] Listening on D-Bus System Message Bus Socket.
[[0;32m  OK  [0m] Reached target Timers.
[[0;32m  OK  [0m] Started Availability of block devices.
[[0;32m  OK  [0m] Listening on Socket activation for snappy daemon.
[[0;32m  OK  [0m] Listening on LXD - unix socket.
[[0;32m  OK  [0m] Reached target Sockets.
[[0;32m  OK  [0m] Reached target Basic System.
         Starting Permit User Sessions...
         Starting LXD - container startup/shutdown...
|       + E&*o    |
[   58.506368]          Starting Login Service...
         Starting System Logging Service...
cloud-init         Starting Pollinate to seed the pseudo random number generator...
         Starting Dispatcher daemon for systemd-networkd...
[904]: |      + =o=B.. . |[[0;32m  OK  [0m] Started D-Bus System Message Bus.

[   58.609925] cloud-init[904]: |       = +.o  o .|
[   58.658270] cloud-init[904]: |      . +..  . o |
[   58.710030] cloud-init[904]: |       +So +  o.*|
[   58.768556] cloud-init[904]: |      . + = . .Xo|
[   58.794472] cloud-init[904]: |         o ...o *|
[   58.876197] cloud-init[904]: |          .  o +.|
[   58.924547] cloud-init[904]: |           .. . .|
[   58.961278] cloud-init[[0;32m  OK  [0m] Started Deferred execution scheduler.
[904]: [[0;32m  OK  [0m] Started irqbalance daemon.
         Starting Virtualbox guest utils...
+----[SHA256]-----+
[   59.065664] cloud-init[904]: Generating public/private dsa key pair.
[   59.090922] cloud-init[904]: Your identification has been saved in /etc/ssh/ssh_host_dsa_key.
[   59.120934] cloud-init[904]: Your public key has been saved in /etc/ssh/ssh_host_dsa_key.pub.
[   59.148779] cloud-init[904]: The key fingerprint is:
[   59.188388] cloud-init[[0;32m  OK  [0m] Started Regular background program processing daemon.
         Starting LSB: automatic crash report generation...
[904]: SHA256:ZxxXlxkkf5BqsM3eAFJdzPoCsV3MOtb6ghpwM5n3oSE root@ubuntu-bionic
[   59.267128] cloud-init[904]: The key's randomart image is:
[   59.277841] cloud-init         Starting LSB: Record successful boot for GRUB...
[[0;32m  OK  [0m] Started FUSE filesystem for LXC.
         Starting Accounts Service...
[[0;32m  OK  [0m] Reached target Login Prompts (Pre).
[904]: +---[DSA 1024]----+
[   59.390455] cloud-init[904]:          Starting Snap Daemon...
[[0;32m  OK  [0m] Started System Logging Service.
[[0;32m  OK  [0m] Started Permit User Sessions.
|         ... B=+=|
[[0;32m  OK  [0m] Started Login Service.
[   59.496157] [[0;32m  OK  [0m] Started Unattended Upgrades Shutdown.
cloud-init[904]:          Starting Terminate Plymouth Boot Screen...
         Starting Hold until boot process finishes up...
|        . + ..X= |
[   59.550389] cloud-init[904]: |         ..X.* ..|[[0;32m  OK  [0m] Started Hold until boot process finishes up.
[[0;32m  OK  [0m] Started Serial Getty on ttyS0.
         Starting Set console scheme...
[[0;32m  OK  [0m] Started Terminate Plymouth Boot Screen.

[   59.614650] cloud-init[904]: |         ++o% . .|
[   59.647224] cloud-init[904]: |      . E *=.*   |
[   59.668775] cloud-init[904]: |       o B ++.o  |
[   59.691956] cloud-init[904]: |        . ...o   |
[   59.711814] cloud-init[904]: |         .. . .  |
[   59.870890] cloud-init[904]: |        ..   .   |
[   59.885175] [[0;32m  OK  [0m] Started Set console scheme.
[[0;32m  OK  [0m] Created slice system-getty.slice.
cloud-init[[0;32m  OK  [0m] Started Getty on tty1.
[[0;32m  OK  [0m] Reached target Login Prompts.
[904]: +----[SHA256]-----+
[   59.918938] cloud-init[904]: Generating public/private ecdsa key pair.
[   59.945511] cloud-init[904]: Your identification has been saved in /etc/ssh/ssh_host_ecdsa_key.
[   60.025345] cloud-init[904]: Your public key has been saved in /etc/ssh/ssh_host_ecdsa_key.pub.
[   60.159088] cloud-init[904]: The key fingerprint is:
[   60.179373] cloud-init[904]: SHA256:0/z810wv6hL9nLypQNTNpSafhnPOocpMqWKvwSANoT0 root@ubuntu-bionic[[0;32m  OK  [0m] Started LSB: automatic crash report generation.

[   60.250877] cloud-init[904]: The key's randomart image is:
[   60.283480] cloud-init[904]: +---[ECDSA 256]---+
[   60.330511] cloud-init[904]: |  .             .|
[   60.365859] cloud-init[904]: | o .       . o o |
[   60.448264] cloud-init[904]: |. E       . o =  |
[   60.490531] cloud-init[904]: |   +     +   = . |
[   60.506532] cloud-init[904]: |  . o   S +.o *  |
[   60.550257] cloud-init[904]: |   . o   o.+.B ..|
[   60.559036] cloud-init[904]: |      o   +.++o+o|
         Starting Authorization Manager...
[   60.577007] cloud-init[904]: [[0;32m  OK  [0m] Started LSB: Record successful boot for GRUB.
|      o. =.o .*.=|
[   60.621341] cloud-init[904]: |     ..+o +o+o++ |
[   60.682230] cloud-init[904]: +----[SHA256]-----+
[   60.720432] cloud-init[904]: Generating public/private ed25519 key pair.
[   60.749885] cloud-init[[0;32m  OK  [0m] Started LXD - container startup/shutdown.
[904]: Your identification has been saved in /etc/ssh/ssh_host_ed25519_key.
[   60.794508] cloud-init[[0;32m  OK  [0m] Started Authorization Manager.
[904]: Your public key has been saved in /etc/ssh/ssh_host_ed25519_key.pub.[[0;32m  OK  [0m] Started Accounts Service.

[   60.850630] cloud-init[904]: The key fingerprint is:
[   60.877838] cloud-init[904]: SHA256:QvVJ7pqnSehonweWC0liZE6QNk19p0mnkt6C1O5vwu8 root@ubuntu-bionic
[   60.917870] cloud-init[904]: The key's randomart image is:
[   60.940945] cloud-init[904]: +--[ED25519 256]--+
[   60.949629] cloud-init[904]: |.oo..   . .      |
[   60.954389] cloud-init[904]: |.o+. . + * .     |
[   60.961030] cloud-init[904]: |.=. . = * +      |
[   60.966026] cloud-init[904]: |  +..= + .       |
[   60.970867] cloud-init[904]: | ..o+.+.S .      |
[   60.974387] cloud-init[904]: |   .o+++ o       |
[   60.999701] cloud-init[904]: |    oooo+ .      |
[   61.006097] cloud-init[904]: |    .*.+.+       |
[   61.018732] cloud-init[904]: |   ...XEo        |
[   61.026707] cloud-init[904]: +----[SHA256]-----+
[[0;32m  OK  [0m] Started Virtualbox guest utils.
[[0;32m  OK  [0m] Started Dispatcher daemon for systemd-networkd.
[[0;32m  OK  [0m] Started Pollinate to seed the pseudo random number generator.
         Starting OpenBSD Secure Shell server...
[[0;32m  OK  [0m] Started OpenBSD Secure Shell server.
[[0;32m  OK  [0m] Created slice User Slice of vagrant.
         Starting User Manager for UID 1000...
[[0;32m  OK  [0m] Started Session 1 of user vagrant.
[[0;32m  OK  [0m] Started User Manager for UID 1000.
[[0;32m  OK  [0m] Started Snap Daemon.
         Starting Wait until snapd is fully seeded...

Ubuntu 18.04.6 LTS ubuntu-bionic ttyS0

ubuntu-bionic login: [   71.855594] cloud-init[1347]: Cloud-init v. 23.1.2-0ubuntu0~18.04.1 running 'modules:config' at Mon, 28 Jul 2025 15:31:09 +0000. Up 69.49 seconds.
ci-info: no authorized SSH keys fingerprints found for user ubuntu.
<14>Jul 28 15:31:16 cloud-init: #############################################################
<14>Jul 28 15:31:16 cloud-init: -----BEGIN SSH HOST KEY FINGERPRINTS-----
<14>Jul 28 15:31:16 cloud-init: 1024 SHA256:ZxxXlxkkf5BqsM3eAFJdzPoCsV3MOtb6ghpwM5n3oSE root@ubuntu-bionic (DSA)
<14>Jul 28 15:31:16 cloud-init: 256 SHA256:0/z810wv6hL9nLypQNTNpSafhnPOocpMqWKvwSANoT0 root@ubuntu-bionic (ECDSA)
<14>Jul 28 15:31:16 cloud-init: 256 SHA256:QvVJ7pqnSehonweWC0liZE6QNk19p0mnkt6C1O5vwu8 root@ubuntu-bionic (ED25519)
<14>Jul 28 15:31:16 cloud-init: 2048 SHA256:FYwy2ft9PbyxBHG7lvH5I6yEJEbxKftlREvElFDYyRg root@ubuntu-bionic (RSA)
<14>Jul 28 15:31:16 cloud-init: -----END SSH HOST KEY FINGERPRINTS-----
<14>Jul 28 15:31:16 cloud-init: #############################################################
-----BEGIN SSH HOST KEY KEYS-----
ecdsa-sha2-nistp256 AAAAE2VjZHNhLXNoYTItbmlzdHAyNTYAAAAIbmlzdHAyNTYAAABBBARfxlQ3KMB9ycteVf6qYx8eRiIhxmyAzl2mfH2ipnk0hh8c+ZfeZ+GFs5BomakcyXbiC6vEF0Pyi8L/GuKW52k= root@ubuntu-bionic
ssh-ed25519 AAAAC3NzaC1lZDI1NTE5AAAAIOHvNK5SLSkR0H+48e++X1+C7AHRaZ5yTD+edzA5Q1bK root@ubuntu-bionic
ssh-rsa AAAAB3NzaC1yc2EAAAADAQABAAABAQC2kfhMZQLSw5gB6GPtlimR+gJeAAtlYxnYbHGXSSZWwR5FwrngpU6nQifK4yu+lRUVo6B1fUlVF1iYVQ0QjkrW1wB0A2QKI5wwVwsTTSDCdCKfKPI3/epwJ2jYAraFxNZ2KcEVpkomMChyir/o5mBsC0P9ke1taSmrASJGG/WXMxBENleYLD4ND2OHbpSC/dsMxpg3kHQfXiW/4Ag9vCluAyH3vK/tAex8vYD62F1xJhcUCGndc10UQjr5z2eFcHVSbRvB+ohZ/1hl4UT2U/T7BfbBul2d8FTen8ZNMAYmCN8u40HP0VXaepLTlc9n15aUtHAeG3YlWZGhJoB7/bHd root@ubuntu-bionic
-----END SSH HOST KEY KEYS-----
[   76.992145] cloud-init[1530]: Cloud-init v. 23.1.2-0ubuntu0~18.04.1 running 'modules:final' at Mon, 28 Jul 2025 15:31:14 +0000. Up 74.64 seconds.
[   76.993405] cloud-init[1530]: Cloud-init v. 23.1.2-0ubuntu0~18.04.1 finished at Mon, 28 Jul 2025 15:31:16 +0000. Datasource DataSourceNoCloud [seed=/dev/sdb][dsmode=net].  Up 76.76 seconds
[[0;32m  OK  [0m] Stopped target Graphical Interface.
[[0;32m  OK  [0m] Stopped target Timers.
         Stopping Authorization Manager...
[[0;32m  OK  [0m] Stopped Discard unused blocks once a week.
[[0;32m  OK  [0m] Stopped Ubuntu Advantage Timer for running repeated jobs.
         Stopping Session 10 of user vagrant.
[[0;32m  OK  [0m] Closed Load/Save RF Kill Switch Status /dev/rfkill Watch.
         Stopping User Manager for UID 1000...
[[0;32m  OK  [0m] Stopped Daily apt upgrade and clean activities.
[[0;32m  OK  [0m] Stopped Daily apt download activities.
[[0;32m  OK  [0m] Stopped Message of the Day.
[[0;32m  OK  [0m] Stopped target Host and Network Name Lookups.
         Stopping Accounts Service...
         Stopping Availability of block devices...
[[0;32m  OK  [0m] Stopped target Cloud-init target.
[[0;32m  OK  [0m] Stopped Execute cloud user/final scripts.
[[0;32m  OK  [0m] Stopped Apply the settings specified in cloud-config.
[[0;32m  OK  [0m] Stopped target Cloud-config availability.
[[0;32m  OK  [0m] Stopped target Network is Online.
[[0;32m  OK  [0m] Stopped target Multi-User System.
         Stopping Deferred execution scheduler...
         Stopping D-Bus System Message Bus...
         Stopping System Logging Service...
[[0;32m  OK  [0m] Stopped Wait until snapd is fully seeded.
[[0;32m  OK  [0m] Stopped target Login Prompts.
         Stopping Getty on tty1...
         Stopping Serial Getty on ttyS0...
         Stopping OpenBSD Secure Shell server...
         Stopping Virtualbox guest utils...
         Stopping LXD - container startup/shutdown...
         Stopping FUSE filesystem for LXC...
         Stopping irqbalance daemon...
         Stopping LSB: Record successful boot for GRUB...
         Stopping LSB: automatic crash report generation...
         Stopping Regular background program processing daemon...
[[0;32m  OK  [0m] Stopped target System Time Synchronized.
         Stopping Dispatcher daemon for systemd-networkd...
[[0;32m  OK  [0m] Stopped Daily Cleanup of Temporary Directories.
[[0;32m  OK  [0m] Stopped Deferred execution scheduler.
[[0;32m  OK  [0m] Stopped Dispatcher daemon for systemd-networkd.
[[0;32m  OK  [0m] Stopped irqbalance daemon.
[[0;32m  OK  [0m] Unmounted /var/lib/lxcfs.
[[0;32m  OK  [0m] Stopped Regular background program processing daemon.
[[0;32m  OK  [0m] Stopped Accounts Service.
[[0;32m  OK  [0m] Stopped Serial Getty on ttyS0.
[[0;32m  OK  [0m] Stopped Getty on tty1.
[[0;32m  OK  [0m] Stopped Authorization Manager.
[[0;32m  OK  [0m] Stopped OpenBSD Secure Shell server.
[[0;32m  OK  [0m] Stopped User Manager for UID 1000.
[[0;32m  OK  [0m] Stopped D-Bus System Message Bus.
[[0;32m  OK  [0m] Stopped FUSE filesystem for LXC.
[[0;32m  OK  [0m] Stopped Session 10 of user vagrant.
[[0;32m  OK  [0m] Stopped System Logging Service.
[[0;32m  OK  [0m] Stopped LXD - container startup/shutdown.
[[0;32m  OK  [0m] Removed slice User Slice of vagrant.
         Stopping Login Service...
[[0;32m  OK  [0m] Removed slice system-getty.slice.
         Stopping Permit User Sessions...
[[0;32m  OK  [0m] Removed slice system-serial\x2dgetty.slice.
[[0;32m  OK  [0m] Stopped target Login Prompts (Pre).
[[0;32m  OK  [0m] Stopped LSB: Record successful boot for GRUB.
[[0;32m  OK  [0m] Stopped LSB: automatic crash report generation.
[[0;32m  OK  [0m] Stopped Login Service.
[[0;32m  OK  [0m] Stopped Availability of block devices.
[[0;32m  OK  [0m] Stopped Permit User Sessions.
[[0;32m  OK  [0m] Stopped target Network.
         Stopping Network Name Resolution...
[[0;32m  OK  [0m] Stopped target User and Group Name Lookups.
[[0;32m  OK  [0m] Stopped target Remote File Systems.
[[0;32m  OK  [0m] Stopped target Remote File Systems (Pre).
[[0;32m  OK  [0m] Stopped Network Name Resolution.
[[0;32m  OK  [0m] Stopped Virtualbox guest utils.
[[0;32m  OK  [0m] Stopped target Basic System.
[[0;32m  OK  [0m] Stopped target Slices.
[[0;32m  OK  [0m] Removed slice User and Session Slice.
[[0;32m  OK  [0m] Stopped target Sockets.
[[0;32m  OK  [0m] Closed ACPID Listen Socket.
[[0;32m  OK  [0m] Closed cloud-init hotplug hook socket.
[[0;32m  OK  [0m] Closed D-Bus System Message Bus Socket.
[[0;32m  OK  [0m] Closed Syslog Socket.
[[0;32m  OK  [0m] Closed LXD - unix socket.
[[0;32m  OK  [0m] Closed Socket activation for snappy daemon.
[[0;32m  OK  [0m] Closed Open-iSCSI iscsid Socket.
[[0;32m  OK  [0m] Closed UUID daemon activation socket.
[[0;32m  OK  [0m] Stopped target Paths.
[[0;32m  OK  [0m] Stopped ACPI Events Check.
[[0;32m  OK  [0m] Stopped target System Initialization.
[[0;32m  OK  [0m] Stopped Commit a transient machine-id on disk.
[[0;32m  OK  [0m] Stopped Initial cloud-init job (metadata service crawler).
[[0;32m  OK  [0m] Stopped Wait for Network to be Configured.
[[0;32m  OK  [0m] Stopped target Local Encrypted Volumes.
         Stopping Update UTMP about System Boot/Shutdown...
         Stopping Load/Save Random Seed...
[[0;32m  OK  [0m] Stopped Forward Password Requests to Wall Directory Watch.
[[0;32m  OK  [0m] Stopped Dispatch Password Requests to Console Directory Watch.
         Stopping Network Service...
[[0;32m  OK  [0m] Stopped Update UTMP about System Boot/Shutdown.
[[0;32m  OK  [0m] Stopped Create Volatile Files and Directories.
[[0;32m  OK  [0m] Stopped target Local File Systems.
[[0;32m  OK  [0m] Stopped target Mounted snaps.
[[0;32m  OK  [0m] Stopped target Mounting snaps.
         Unmounting /run/user/1000...
[[0;32m  OK  [0m] Stopped Load/Save Random Seed.
[[0;32m  OK  [0m] Unmounted /run/user/1000.
[[0;32m  OK  [0m] Reached target Unmount All Filesystems.
[[0;32m  OK  [0m] Stopped target Local File Systems (Pre).
         Stopping Monitoring of LVM2 mirrors…ng dmeventd or progress polling...
[[0;32m  OK  [0m] Stopped Create Static Device Nodes in /dev.
[[0;32m  OK  [0m] Stopped target Swap.
[[0;32m  OK  [0m] Stopped Network Service.
[[0;32m  OK  [0m] Stopped target Network (Pre).
[[0;32m  OK  [0m] Stopped Initial cloud-init job (pre-networking).
[[0;32m  OK  [0m] Stopped Remount Root and Kernel File Systems.
[[0;32m  OK  [0m] Stopped Apply Kernel Variables.
[[0;32m  OK  [0m] Stopped Load Kernel Modules.
[[0;32m  OK  [0m] Reached target Shutdown.
[[0;32m  OK  [0m] Reached target Final Step.
         Starting Power-Off...
[[0;32m  OK  [0m] Stopped Monitoring of LVM2 mirrors,…sing dmeventd or progress polling.
         Stopping LVM2 metadata daemon...
[  299.494653] reboot: Power down
