[    0.000000] Linux version 4.15.0-213-generic (buildd@lcy02-amd64-079) (gcc version 7.5.0 (Ubuntu 7.5.0-3ubuntu1~18.04)) #224-Ubuntu SMP Mon Jun 19 13:30:12 UTC 2023 (Ubuntu 4.15.0-213.224-generic 4.15.18)
[    0.000000] Command line: BOOT_IMAGE=/boot/vmlinuz-4.15.0-213-generic root=UUID=f685bb41-0e3b-40c4-89c1-eea0f0583525 ro console=tty1 console=ttyS0
[    0.000000] KERNEL supported cpus:
[    0.000000]   Intel GenuineIntel
[    0.000000]   AMD AuthenticAMD
[    0.000000]   Centaur CentaurHauls
[    0.000000] x86/fpu: x87 FPU will use FXSAVE
[    0.000000] e820: BIOS-provided physical RAM map:
[    0.000000] BIOS-e820: [mem 0x0000000000000000-0x000000000009fbff] usable
[    0.000000] BIOS-e820: [mem 0x000000000009fc00-0x000000000009ffff] reserved
[    0.000000] BIOS-e820: [mem 0x00000000000f0000-0x00000000000fffff] reserved
[    0.000000] BIOS-e820: [mem 0x0000000000100000-0x00000000dffeffff] usable
[    0.000000] BIOS-e820: [mem 0x00000000dfff0000-0x00000000dfffffff] ACPI data
[    0.000000] BIOS-e820: [mem 0x00000000fec00000-0x00000000fec00fff] reserved
[    0.000000] BIOS-e820: [mem 0x00000000fee00000-0x00000000fee00fff] reserved
[    0.000000] BIOS-e820: [mem 0x00000000fffc0000-0x00000000ffffffff] reserved
[    0.000000] BIOS-e820: [mem 0x0000000100000000-0x00000001203fffff] usable
[    0.000000] NX (Execute Disable) protection: active
[    0.000000] SMBIOS 2.5 present.
[    0.000000] DMI: innotek GmbH VirtualBox/VirtualBox, BIOS VirtualBox 12/01/2006
[    0.000000] Hypervisor detected: KVM
[    0.000000] e820: last_pfn = 0x120400 max_arch_pfn = 0x400000000
[    0.000000] MTRR: Disabled
[    0.000000] x86/PAT: MTRRs disabled, skipping PAT initialization too.
[    0.000000] CPU MTRRs all blank - virtualized system.
[    0.000000] x86/PAT: Configuration [0-7]: WB  WT  UC- UC  WB  WT  UC- UC  
[    0.000000] e820: last_pfn = 0xdfff0 max_arch_pfn = 0x400000000
[    0.000000] found SMP MP-table at [mem 0x0009fff0-0x0009ffff]
[    0.000000] Scanning 1 areas for low memory corruption
[    0.000000] RAMDISK: [mem 0x35819000-0x36c03fff]
[    0.000000] ACPI: Early table checksum verification disabled
[    0.000000] ACPI: RSDP 0x00000000000E0000 000024 (v02 VBOX  )
[    0.000000] ACPI: XSDT 0x00000000DFFF0030 00003C (v01 VBOX   VBOXXSDT 00000001 ASL  00000061)
[    0.000000] ACPI: FACP 0x00000000DFFF00F0 0000F4 (v04 VBOX   VBOXFACP 00000001 ASL  00000061)
[    0.000000] ACPI: DSDT 0x00000000DFFF0610 002353 (v02 VBOX   VBOXBIOS 00000002 INTL 20100528)
[    0.000000] ACPI: FACS 0x00000000DFFF0200 000040
[    0.000000] ACPI: FACS 0x00000000DFFF0200 000040
[    0.000000] ACPI: APIC 0x00000000DFFF0240 000054 (v02 VBOX   VBOXAPIC 00000001 ASL  00000061)
[    0.000000] ACPI: SSDT 0x00000000DFFF02A0 00036C (v01 VBOX   VBOXCPUT 00000002 INTL 20100528)
[    0.000000] ACPI: Reserving FACP table memory at [mem 0xdfff00f0-0xdfff01e3]
[    0.000000] ACPI: Reserving DSDT table memory at [mem 0xdfff0610-0xdfff2962]
[    0.000000] ACPI: Reserving FACS table memory at [mem 0xdfff0200-0xdfff023f]
[    0.000000] ACPI: Reserving FACS table memory at [mem 0xdfff0200-0xdfff023f]
[    0.000000] ACPI: Reserving APIC table memory at [mem 0xdfff0240-0xdfff0293]
[    0.000000] ACPI: Reserving SSDT table memory at [mem 0xdfff02a0-0xdfff060b]
[    0.000000] No NUMA configuration found
[    0.000000] Faking a node at [mem 0x0000000000000000-0x00000001203fffff]
[    0.000000] NODE_DATA(0) allocated [mem 0x1203d1000-0x1203fbfff]
[    0.000000] kvm-clock: cpu 0, msr 1:20350001, primary cpu clock
[    0.000000] kvm-clock: Using msrs 4b564d01 and 4b564d00
[    0.000000] kvm-clock: using sched offset of 7878657453 cycles
[    0.000000] clocksource: kvm-clock: mask: 0xffffffffffffffff max_cycles: 0x1cd42e4dffb, max_idle_ns: 881590591483 ns
[    0.000000] Section 35 and 36 (node 0) have a circular dependency on usemap and pgdat allocations
[    0.000000] Zone ranges:
[    0.000000]   DMA      [mem 0x0000000000001000-0x0000000000ffffff]
[    0.000000]   DMA32    [mem 0x0000000001000000-0x00000000ffffffff]
[    0.000000]   Normal   [mem 0x0000000100000000-0x00000001203fffff]
[    0.000000]   Device   empty
[    0.000000] Movable zone start for each node
[    0.000000] Early memory node ranges
[    0.000000]   node   0: [mem 0x0000000000001000-0x000000000009efff]
[    0.000000]   node   0: [mem 0x0000000000100000-0x00000000dffeffff]
[    0.000000]   node   0: [mem 0x0000000100000000-0x00000001203fffff]
[    0.000000] Reserved but unavailable: 104 pages
[    0.000000] Initmem setup node 0 [mem 0x0000000000001000-0x00000001203fffff]
[    0.000000] ACPI: PM-Timer IO Port: 0x4008
[    0.000000] IOAPIC[0]: apic_id 1, version 32, address 0xfec00000, GSI 0-23
[    0.000000] ACPI: INT_SRC_OVR (bus 0 bus_irq 0 global_irq 2 dfl dfl)
[    0.000000] ACPI: INT_SRC_OVR (bus 0 bus_irq 9 global_irq 9 low level)
[    0.000000] Using ACPI (MADT) for SMP configuration information
[    0.000000] smpboot: Allowing 1 CPUs, 0 hotplug CPUs
[    0.000000] PM: Registered nosave memory: [mem 0x00000000-0x00000fff]
[    0.000000] PM: Registered nosave memory: [mem 0x0009f000-0x0009ffff]
[    0.000000] PM: Registered nosave memory: [mem 0x000a0000-0x000effff]
[    0.000000] PM: Registered nosave memory: [mem 0x000f0000-0x000fffff]
[    0.000000] PM: Registered nosave memory: [mem 0xdfff0000-0xdfffffff]
[    0.000000] PM: Registered nosave memory: [mem 0xe0000000-0xfebfffff]
[    0.000000] PM: Registered nosave memory: [mem 0xfec00000-0xfec00fff]
[    0.000000] PM: Registered nosave memory: [mem 0xfec01000-0xfedfffff]
[    0.000000] PM: Registered nosave memory: [mem 0xfee00000-0xfee00fff]
[    0.000000] PM: Registered nosave memory: [mem 0xfee01000-0xfffbffff]
[    0.000000] PM: Registered nosave memory: [mem 0xfffc0000-0xffffffff]
[    0.000000] e820: [mem 0xe0000000-0xfebfffff] available for PCI devices
[    0.000000] Booting paravirtualized kernel on KVM
[    0.000000] clocksource: refined-jiffies: mask: 0xffffffff max_cycles: 0xffffffff, max_idle_ns: 7645519600211568 ns
[    0.000000] setup_percpu: NR_CPUS:8192 nr_cpumask_bits:1 nr_cpu_ids:1 nr_node_ids:1
[    0.000000] percpu: Embedded 50 pages/cpu s167936 r8192 d28672 u2097152
[    0.000000] PV qspinlock hash table entries: 256 (order: 0, 4096 bytes)
[    0.000000] Built 1 zonelists, mobility grouping on.  Total pages: 1033065
[    0.000000] Policy zone: Normal
[    0.000000] Kernel command line: BOOT_IMAGE=/boot/vmlinuz-4.15.0-213-generic root=UUID=f685bb41-0e3b-40c4-89c1-eea0f0583525 ro console=tty1 console=ttyS0
[    0.000000] Memory: 4014632K/4197944K available (12300K kernel code, 2477K rwdata, 4324K rodata, 2480K init, 2720K bss, 183312K reserved, 0K cma-reserved)
[    0.000000] SLUB: HWalign=64, Order=0-3, MinObjects=0, CPUs=1, Nodes=1
[    0.000000] ftrace: allocating 39508 entries in 155 pages
[    0.004000] Hierarchical RCU implementation.
[    0.004000] 	RCU restricting CPUs from NR_CPUS=8192 to nr_cpu_ids=1.
[    0.004000] 	Tasks RCU enabled.
[    0.004000] RCU: Adjusting geometry for rcu_fanout_leaf=16, nr_cpu_ids=1
[    0.004000] NR_IRQS: 524544, nr_irqs: 256, preallocated irqs: 16
[    0.004000] random: crng init done
[    0.004000] Console: colour VGA+ 80x25
[    0.004000] console [tty1] enabled
[    0.004000] console [ttyS0] enabled
[    0.004000] ACPI: Core revision 20170831
[    0.004000] ACPI: 2 ACPI AML tables successfully acquired and loaded
[    0.004000] APIC: Switch to symmetric I/O mode setup
[    0.008000] ..TIMER: vector=0x30 apic1=0 pin1=2 apic2=-1 pin2=-1
[    0.008017] tsc: Detected 2496.000 MHz processor
[    0.012013] Calibrating delay loop (skipped) preset value.. 4992.00 BogoMIPS (lpj=9984000)
[    0.016015] pid_max: default: 32768 minimum: 301
[    0.024205] Security Framework initialized
[    0.028036] Yama: becoming mindful.
[    0.032134] AppArmor: AppArmor initialized
[    0.084000] Dentry cache hash table entries: 524288 (order: 10, 4194304 bytes)
[    0.104000] Inode-cache hash table entries: 262144 (order: 9, 2097152 bytes)
[    0.109437] Mount-cache hash table entries: 8192 (order: 4, 65536 bytes)
[    0.117318] Mountpoint-cache hash table entries: 8192 (order: 4, 65536 bytes)
[    0.137822] Last level iTLB entries: 4KB 0, 2MB 0, 4MB 0
[    0.140016] Last level dTLB entries: 4KB 0, 2MB 0, 4MB 0, 1GB 0
[    0.144023] Spectre V1 : Mitigation: usercopy/swapgs barriers and __user pointer sanitization
[    0.148014] Spectre V2 : Mitigation: Enhanced IBRS
[    0.152012] Spectre V2 : Spectre v2 / SpectreRSB mitigation: Filling RSB on context switch
[    0.156015] Spectre V2 : Spectre v2 / PBRSB-eIBRS: Retire a single CALL on VMEXIT
[    0.160017] RETBleed: Mitigation: Enhanced IBRS
[    0.164013] Speculative Store Bypass: Vulnerable
[    0.182291] Freeing SMP alternatives memory: 36K
[    0.304015] APIC calibration not consistent with PM-Timer: 102ms instead of 100ms
[    0.308000] APIC delta adjusted to PM-Timer: 6311974 (6500371)
[    0.308971] smpboot: CPU0: 12th Gen Intel(R) Core(TM) i5-12450H (family: 0x6, model: 0x9a, stepping: 0x3)
[    0.314181] Performance Events: unsupported p6 CPU model 154 no PMU driver, software events only.
[    0.316897] Hierarchical SRCU implementation.
[    0.321180] NMI watchdog: Perf event create on CPU 0 failed with -2
[    0.324018] NMI watchdog: Perf NMI watchdog permanently disabled
[    0.329315] smp: Bringing up secondary CPUs ...
[    0.332019] smp: Brought up 1 node, 1 CPU
[    0.336018] smpboot: Max logical packages: 1
[    0.340019] smpboot: Total of 1 processors activated (4992.00 BogoMIPS)
[    0.348000] devtmpfs: initialized
[    0.348478] x86/mm: Memory block size: 128MB
[    0.356000] evm: security.selinux
[    0.356029] evm: security.SMACK64
[    0.360020] evm: security.SMACK64EXEC
[    0.364013] evm: security.SMACK64TRANSMUTE
[    0.368020] evm: security.SMACK64MMAP
[    0.372022] evm: security.apparmor
[    0.380019] evm: security.ima
[    0.384015] evm: security.capability
[    0.389271] clocksource: jiffies: mask: 0xffffffff max_cycles: 0xffffffff, max_idle_ns: 7645041785100000 ns
[    0.392048] futex hash table entries: 256 (order: 2, 16384 bytes)
[    0.396684] pinctrl core: initialized pinctrl subsystem
[    0.404727] RTC time: 11:42:14, date: 07/23/25
[    0.410206] NET: Registered protocol family 16
[    0.412607] audit: initializing netlink subsys (disabled)
[    0.418340] cpuidle: using governor ladder
[    0.420027] cpuidle: using governor menu
[    0.424030] audit: type=2000 audit(1753270942.836:1): state=initialized audit_enabled=0 res=1
[    0.428117] ACPI: bus type PCI registered
[    0.432016] acpiphp: ACPI Hot Plug PCI Controller Driver version: 0.5
[    0.440696] PCI: Using configuration type 1 for base access
[    0.452000] HugeTLB registered 2.00 MiB page size, pre-allocated 0 pages
[    0.455928] ACPI: Added _OSI(Module Device)
[    0.460035] ACPI: Added _OSI(Processor Device)
[    0.464019] ACPI: Added _OSI(3.0 _SCP Extensions)
[    0.468020] ACPI: Added _OSI(Processor Aggregator Device)
[    0.472079] ACPI: Added _OSI(Linux-Dell-Video)
[    0.476025] ACPI: Added _OSI(Linux-Lenovo-NV-HDMI-Audio)
[    0.480024] ACPI: Added _OSI(Linux-HPI-Hybrid-Graphics)
[    0.490757] ACPI: Executed 1 blocks of module-level executable AML code
[    0.509181] ACPI: Interpreter enabled
[    0.512061] ACPI: (supports S0 S5)
[    0.516011] ACPI: Using IOAPIC for interrupt routing
[    0.524099] PCI: Using host bridge windows from ACPI; if necessary, use "pci=nocrs" and report a bug
[    0.528496] ACPI: Enabled 2 GPEs in block 00 to 07
[    0.560610] ACPI: PCI Root Bridge [PCI0] (domain 0000 [bus 00-ff])
[    0.564024] acpi PNP0A03:00: _OSC: OS supports [ASPM ClockPM Segments MSI]
[    0.570247] acpi PNP0A03:00: _OSC: not requesting OS control; OS requires [ExtendedConfig ASPM ClockPM MSI]
[    0.572028] acpi PNP0A03:00: fail to add MMCONFIG information, can't access extended PCI configuration space under this bridge.
[    0.581379] PCI host bridge to bus 0000:00
[    0.584015] pci_bus 0000:00: root bus resource [io  0x0000-0x0cf7 window]
[    0.588024] pci_bus 0000:00: root bus resource [io  0x0d00-0xffff window]
[    0.592015] pci_bus 0000:00: root bus resource [mem 0x000a0000-0x000bffff window]
[    0.596023] pci_bus 0000:00: root bus resource [mem 0xe0000000-0xfdffffff window]
[    0.600020] pci_bus 0000:00: root bus resource [bus 00-ff]
[    0.637841] pci 0000:00:01.1: legacy IDE quirk: reg 0x10: [io  0x01f0-0x01f7]
[    0.640020] pci 0000:00:01.1: legacy IDE quirk: reg 0x14: [io  0x03f6]
[    0.644029] pci 0000:00:01.1: legacy IDE quirk: reg 0x18: [io  0x0170-0x0177]
[    0.648025] pci 0000:00:01.1: legacy IDE quirk: reg 0x1c: [io  0x0376]
[    0.754401] pci 0000:00:07.0: quirk: [io  0x4000-0x403f] claimed by PIIX4 ACPI
[    0.760252] pci 0000:00:07.0: quirk: [io  0x4100-0x410f] claimed by PIIX4 SMB
[    0.814510] ACPI: PCI Interrupt Link [LNKA] (IRQs 5 9 10 *11)
[    0.818329] ACPI: PCI Interrupt Link [LNKB] (IRQs 5 9 *10 11)
[    0.820621] ACPI: PCI Interrupt Link [LNKC] (IRQs 5 *9 10 11)
[    0.828962] ACPI: PCI Interrupt Link [LNKD] (IRQs 5 9 10 *11)
[    0.833217] SCSI subsystem initialized
[    0.837239] pci 0000:00:02.0: vgaarb: setting as boot VGA device
[    0.840000] pci 0000:00:02.0: vgaarb: VGA device added: decodes=io+mem,owns=io+mem,locks=none
[    0.840016] pci 0000:00:02.0: vgaarb: bridge control possible
[    0.844012] vgaarb: loaded
[    0.848360] ACPI: bus type USB registered
[    0.852092] usbcore: registered new interface driver usbfs
[    0.856199] usbcore: registered new interface driver hub
[    0.860074] usbcore: registered new device driver usb
[    0.864973] EDAC MC: Ver: 3.0.0
[    0.877940] PCI: Using ACPI for IRQ routing
[    0.886462] NetLabel: Initializing
[    0.888019] NetLabel:  domain hash size = 128
[    0.892020] NetLabel:  protocols = UNLABELED CIPSOv4 CALIPSO
[    0.897232] NetLabel:  unlabeled traffic allowed by default
[    0.900826] clocksource: Switched to clocksource kvm-clock
[    1.164070] VFS: Disk quotas dquot_6.6.0
[    1.185058] VFS: Dquot-cache hash table entries: 512 (order 0, 4096 bytes)
[    1.222855] AppArmor: AppArmor Filesystem Enabled
[    1.248403] pnp: PnP ACPI init
[    1.271165] pnp: PnP ACPI: found 3 devices
[    1.313527] clocksource: acpi_pm: mask: 0xffffff max_cycles: 0xffffff, max_idle_ns: 2085701024 ns
[    1.351893] NET: Registered protocol family 2
[    1.386247] IP idents hash table entries: 65536 (order: 7, 524288 bytes)
[    1.419081] TCP established hash table entries: 32768 (order: 6, 262144 bytes)
[    1.456445] TCP bind hash table entries: 32768 (order: 7, 524288 bytes)
[    1.483450] TCP: Hash tables configured (established 32768 bind 32768)
[    1.504688] UDP hash table entries: 2048 (order: 4, 65536 bytes)
[    1.522345] UDP-Lite hash table entries: 2048 (order: 4, 65536 bytes)
[    1.547492] NET: Registered protocol family 1
[    1.560827] pci 0000:00:00.0: Limiting direct PCI/PCI transfers
[    1.577448] pci 0000:00:01.0: Activating ISA DMA hang workarounds
[    1.602827] pci 0000:00:02.0: Video device with shadowed ROM at [mem 0x000c0000-0x000dffff]
[    1.631466] Unpacking initramfs...
[    4.273108] Freeing initrd memory: 20396K
[    4.297598] PCI-DMA: Using software bounce buffering for IO (SWIOTLB)
[    4.328740] software IO TLB: mapped [mem 0xdbff0000-0xdfff0000] (64MB)
[    4.361380] clocksource: tsc: mask: 0xffffffffffffffff max_cycles: 0x23fa772cf26, max_idle_ns: 440795269835 ns
[    4.404047] platform rtc_cmos: registered platform RTC device (no PNP device found)
[    4.435805] Scanning for low memory corruption every 60 seconds
[    4.466364] Initialise system trusted keyrings
[    4.486438] Key type blacklist registered
[    4.507081] workingset: timestamp_bits=36 max_order=20 bucket_order=0
[    4.544776] zbud: loaded
[    4.564827] squashfs: version 4.0 (2009/01/31) Phillip Lougher
[    4.596036] fuse init (API version 7.26)
[    4.628294] Key type asymmetric registered
[    4.650205] Asymmetric key parser 'x509' registered
[    4.673163] Block layer SCSI generic (bsg) driver version 0.4 loaded (major 246)
[    4.705109] io scheduler noop registered
[    4.727653] io scheduler deadline registered
[    4.747872] io scheduler cfq registered (default)
[    4.777330] ACPI: AC Adapter [AC] (on-line)
[    4.804784] input: Power Button as /devices/LNXSYSTM:00/LNXPWRBN:00/input/input0
[    4.841806] ACPI: Power Button [PWRF]
[    4.858866] input: Sleep Button as /devices/LNXSYSTM:00/LNXSLPBN:00/input/input1
[    4.891219] ACPI: Sleep Button [SLPF]
[    4.913673] Serial: 8250/16550 driver, 32 ports, IRQ sharing enabled
[    4.948187] ACPI: Battery Slot [BAT0] (battery present)
[    5.065632] 00:02: ttyS0 at I/O 0x3f8 (irq = 4, base_baud = 115200) is a 16550A
[    5.097660] Linux agpgart interface v0.103
[    5.164429] loop: module loaded
[    5.195312] scsi host0: ata_piix
[    5.216148] scsi host1: ata_piix
[    5.232368] ata1: PATA max UDMA/33 cmd 0x1f0 ctl 0x3f6 bmdma 0xd000 irq 14
[    5.261942] ata2: PATA max UDMA/33 cmd 0x170 ctl 0x376 bmdma 0xd008 irq 15
[    5.307710] tun: Universal TUN/TAP device driver, 1.6
[    5.329899] PPP generic driver version 2.4.2
[    5.348154] ehci_hcd: USB 2.0 'Enhanced' Host Controller (EHCI) Driver
[    5.376845] ehci-pci: EHCI PCI platform driver
[    5.398027] ehci-platform: EHCI generic platform driver
[    5.426597] ohci_hcd: USB 1.1 'Open' Host Controller (OHCI) Driver
[    5.450433] ohci-pci: OHCI PCI platform driver
[    5.653366] ohci-platform: OHCI generic platform driver
[    5.673634] uhci_hcd: USB Universal Host Controller Interface driver
[    5.699588] i8042: PNP: PS/2 Controller [PNP0303:PS2K,PNP0f03:PS2M] at 0x60,0x64 irq 1,12
[    5.748036] serio: i8042 KBD port at 0x60,0x64 irq 1
[    5.762700] serio: i8042 AUX port at 0x60,0x64 irq 12
[    5.787655] mousedev: PS/2 mouse device common for all mice
[    5.823333] input: AT Translated Set 2 keyboard as /devices/platform/i8042/serio0/input/input2
[    5.855044] rtc_cmos rtc_cmos: rtc core: registered rtc_cmos as rtc0
[    5.881612] rtc_cmos rtc_cmos: alarms up to one day, 114 bytes nvram
[    5.910201] i2c /dev entries driver
[    5.931201] device-mapper: uevent: version 1.0.3
[    5.952468] device-mapper: ioctl: 4.37.0-ioctl (2017-09-20) initialised: dm-devel@redhat.com
[    5.987896] ledtrig-cpu: registered to indicate activity on CPUs
[    6.016732] NET: Registered protocol family 10
[    6.077685] Segment Routing with IPv6
[    6.095135] NET: Registered protocol family 17
[    6.115400] Key type dns_resolver registered
[    6.137834] mce: Using 0 MCE banks
[    6.158894] RAS: Correctable Errors collector initialized.
[    6.186889] sched_clock: Marking stable (6186607284, 0)->(13597230274, -7410622990)
[    6.227828] registered taskstats version 1
[    6.250354] Loading compiled-in X.509 certificates
[    6.289952] Loaded X.509 cert 'Build time autogenerated kernel key: cdc7189136aaa35407544516090e2034d9c28e14'
[    6.337241] Loaded X.509 cert 'Canonical Ltd. Live Patch Signing: 14df34d1a87cf37625abec039ef2bf521249b969'
[    6.387266] Loaded X.509 cert 'Canonical Ltd. Kernel Module Signing: 88f752e560a1e0737e31163a466ad7b70a850c19'
[    6.427773] blacklist: Loading compiled-in revocation X.509 certificates
[    6.456694] Loaded X.509 cert 'Canonical Ltd. Secure Boot Signing: 61482aa2830d0ab2ad5af10b7250da9033ddcef0'
[    6.502336] Loaded X.509 cert 'Canonical Ltd. Secure Boot Signing (2017): 242ade75ac4a15e50d50c84b0d45ff3eae707a03'
[    6.547068] Loaded X.509 cert 'Canonical Ltd. Secure Boot Signing (ESM 2018): 365188c1d374d6b07c3c8f240f8ef722433d6a8b'
[    6.584487] Loaded X.509 cert 'Canonical Ltd. Secure Boot Signing (2019): c0746fd6c5da3ae827864651ad66ae47fe24b3e8'
[    6.626173] Loaded X.509 cert 'Canonical Ltd. Secure Boot Signing (2021 v1): a8d54bbb3825cfb94fa13c9f8a594a195c107b8d'
[    6.672292] Loaded X.509 cert 'Canonical Ltd. Secure Boot Signing (2021 v2): 4cf046892d6fd3c9a5b03f98d845f90851dc6a8c'
[    6.717524] Loaded X.509 cert 'Canonical Ltd. Secure Boot Signing (2021 v3): 100437bb6de6e469b581e61cd66bce3ef4ed53af'
[    6.770717] Loaded X.509 cert 'Canonical Ltd. Secure Boot Signing (Ubuntu Core 2019): c1d57b8f6b743f23ee41f4f7ee292f06eecadfb9'
[    6.823721] zswap: loaded using pool lzo/zbud
[    6.865920] Key type big_key registered
[    6.884583] Key type trusted registered
[    6.915697] Key type encrypted registered
[    6.938098] AppArmor: AppArmor sha1 policy hashing enabled
[    6.965002] ima: No TPM chip found, activating TPM-bypass! (rc=-19)
[    6.993208] ima: Allocated hash algorithm: sha1
[    7.017106] evm: HMAC attrs: 0x1
[    7.035994]   Magic number: 1:585:732
[    7.058037] rtc_cmos rtc_cmos: setting system clock to 2025-07-23 11:42:22 UTC (1753270942)
[    7.096170] BIOS EDD facility v0.16 2004-Jun-25, 0 devices found
[    7.125530] EDD information not available.
[    7.154735] Freeing unused kernel image memory: 2480K
[    7.185318] Write protecting the kernel read-only data: 20480k
[    7.216087] Freeing unused kernel image memory: 2008K
[    7.243844] Freeing unused kernel image memory: 1820K
[    7.285364] x86/mm: Checked W+X mappings: passed, no W+X pages found.
Loading, please wait...
starting version 237
[    7.891538] e1000: Intel(R) PRO/1000 Network Driver - version 7.3.21-k8-NAPI
[    7.916424] e1000: Copyright (c) 1999-2006 Intel Corporation.
[    7.949963] Fusion MPT base driver 3.04.20
[    7.966887] Copyright (c) 1999-2008 LSI Corporation
[    8.127222] SSE version of gcm_enc/dec engaged.
[    8.271323] Fusion MPT SPI Host driver 3.04.20
[    8.543744] input: ImExPS/2 Generic Explorer Mouse as /devices/platform/i8042/serio1/input/input4
[   10.281266] e1000 0000:00:03.0 eth0: (PCI:33MHz:32-bit) 02:3b:7b:b7:3b:2d
[   10.292416] e1000 0000:00:03.0 eth0: Intel(R) PRO/1000 Network Connection
[   10.307985] mptbase: ioc0: Initiating bringup
[   10.450348] ioc0: LSI53C1030 A0: Capabilities={Initiator}
[   10.783379] scsi host2: ioc0: LSI53C1030 A0, FwRev=00000000h, Ports=1, MaxQ=256, IRQ=20
[   10.989469] scsi 2:0:0:0: Direct-Access     VBOX     HARDDISK         1.0  PQ: 0 ANSI: 5
[   11.040213] scsi target2:0:0: Beginning Domain Validation
[   11.097671] scsi target2:0:0: Domain Validation skipping write tests
[   11.116823] scsi target2:0:0: Ending Domain Validation
[   11.146532] scsi target2:0:0: asynchronous
[   11.239327] scsi 2:0:1:0: Direct-Access     VBOX     HARDDISK         1.0  PQ: 0 ANSI: 5
[   11.327642] scsi target2:0:1: Beginning Domain Validation
[   11.463260] scsi target2:0:1: Domain Validation skipping write tests
[   11.482241] scsi target2:0:1: Ending Domain Validation
[   11.536842] scsi target2:0:1: asynchronous
[   11.910980] sd 2:0:0:0: Attached scsi generic sg0 type 0
[   11.934542] sd 2:0:0:0: [sda] 83886080 512-byte logical blocks: (42.9 GB/40.0 GiB)
[   11.982904] sd 2:0:1:0: Attached scsi generic sg1 type 0
[   12.007940] sd 2:0:1:0: [sdb] 20480 512-byte logical blocks: (10.5 MB/10.0 MiB)
[   12.037464] sd 2:0:0:0: [sda] Write Protect is off
[   12.088571] sd 2:0:1:0: [sdb] Write Protect is off
[   12.099559] sd 2:0:0:0: [sda] Incomplete mode parameter data
[   12.117011] sd 2:0:0:0: [sda] Assuming drive cache: write through
[   12.213720] sd 2:0:1:0: [sdb] Incomplete mode parameter data
[   12.236648] sd 2:0:1:0: [sdb] Assuming drive cache: write through
[   12.362062]  sda: sda1
[   12.417742] sd 2:0:0:0: [sda] Attached SCSI disk
[   12.468565] sd 2:0:1:0: [sdb] Attached SCSI disk
[   13.788028] e1000 0000:00:08.0 eth1: (PCI:33MHz:32-bit) 08:00:27:29:d9:de
[   13.814235] e1000 0000:00:08.0 eth1: Intel(R) PRO/1000 Network Connection
[   13.863884] e1000 0000:00:03.0 enp0s3: renamed from eth0
[   13.885601] e1000 0000:00:08.0 enp0s8: renamed from eth1
Begin: Loading essential drivers ... [   19.333117] raid6: sse2x1   gen()  3495 MB/s
[   19.416373] raid6: sse2x1   xor()  2621 MB/s
[   19.492221] raid6: sse2x2   gen()  4536 MB/s
[   19.557498] raid6: sse2x2   xor()  2331 MB/s
[   19.640567] raid6: sse2x4   gen()  4582 MB/s
[   19.712601] raid6: sse2x4   xor()  2661 MB/s
[   19.733554] raid6: using algorithm sse2x4 gen() 4582 MB/s
[   19.755016] raid6: .... xor() 2661 MB/s, rmw enabled
[   19.774818] raid6: using ssse3x2 recovery algorithm
[   19.801039] xor: measuring software checksum speed
[   19.932274]    prefetch64-sse: 26636.000 MB/sec
[   20.057266]    generic_sse: 13843.000 MB/sec
[   20.102382] xor: using function: prefetch64-sse (26636.000 MB/sec)
[   20.138999] async_tx: api initialized (async)
done.
Begin: Running /scripts/init-premount ... done.
Begin: Mounting root file system ... Begin: Running /scripts/local-top ... done.
Begin: Running /scripts/local-premount ... [   20.461336] Btrfs loaded, crc32c=crc32c-intel
Scanning for Btrfs filesystems
done.
Begin: Will now check root file system ... fsck from util-linux 2.31.1
[/sbin/fsck.ext4 (1) -- /dev/sda1] fsck.ext4 -a -C0 /dev/sda1 
cloudimg-rootfs: recovering journal
cloudimg-rootfs: clean, 156463/5120000 files, 1389880/10485499 blocks
done.
[   21.139978] EXT4-fs (sda1): mounted filesystem with ordered data mode. Opts: (null)
done.
Begin: Running /scripts/local-bottom ... done.
Begin: Running /scripts/init-bottom ... done.
[   22.390137] ip_tables: (C) 2000-2006 Netfilter Core Team
[   22.501178] systemd[1]: systemd 237 running in system mode. (+PAM +AUDIT +SELINUX +IMA +APPARMOR +SMACK +SYSVINIT +UTMP +LIBCRYPTSETUP +GCRYPT +GNUTLS +ACL +XZ +LZ4 +SECCOMP +BLKID +ELFUTILS +KMOD -IDN2 +IDN -PCRE2 default-hierarchy=hybrid)
[   22.598814] systemd[1]: Detected virtualization oracle.
[   22.621972] systemd[1]: Detected architecture x86-64.

Welcome to [1mUbuntu 18.04.6 LTS[0m!

[   22.651979] systemd[1]: Set hostname to <worker02>.
[   24.311704] systemd[1]: Reached target Mounting snaps.
[[0;32m  OK  [0m] Reached target Mounting snaps.
[   24.355155] systemd[1]: Set up automount Arbitrary Executable File Formats File System Automount Point.
[[0;32m  OK  [0m] Set up automount Arbitrary Executab…rmats File System Automount Point.
[   24.423457] systemd[1]: Reached target Mounted snaps.
[[0;32m  OK  [0m] Reached target Mounted snaps.
[   24.465229] systemd[1]: Created slice User and Session Slice.
[[0;32m  OK  [0m] Created slice User and Session Slice.
[   24.509801] systemd[1]: Started Forward Password Requests to Wall Directory Watch.
[[0;32m  OK  [0m] Started Forward Password Requests to Wall Directory Watch.
[   24.601407] systemd[1]: Reached target User and Group Name Lookups.
[[0;32m  OK  [0m] Reached target User and Group Name Lookups.
[[0;32m  OK  [0m] Reached target System Time Synchronized.
[[0;32m  OK  [0m] Reached target Swap.
[[0;32m  OK  [0m] Created slice System Slice.
[[0;32m  OK  [0m] Listening on udev Kernel Socket.
[[0;32m  OK  [0m] Listening on Syslog Socket.
[[0;32m  OK  [0m] Listening on LVM2 poll daemon socket.
[[0;32m  OK  [0m] Listening on Journal Socket (/dev/log).
[[0;32m  OK  [0m] Listening on /dev/initctl Compatibility Named Pipe.
[[0;32m  OK  [0m] Listening on Device-mapper event daemon FIFOs.
[[0;32m  OK  [0m] Listening on Network Service Netlink Socket.
[[0;32m  OK  [0m] Listening on LVM2 metadata daemon socket.
[[0;32m  OK  [0m] Listening on udev Control Socket.
[[0;32m  OK  [0m] Listening on Journal Audit Socket.
[[0;32m  OK  [0m] Listening on fsck to fsckd communication Socket.
[[0;32m  OK  [0m] Listening on Journal Socket.
         Mounting Kernel Debug File System...
         Starting Remount Root and Kernel File Systems...
         Starting udev Coldplug all Devices...
         Starting Journal Service...
[   25.119698] EXT4-fs (sda1): re-mounted. Opts: (null)
         Starting Create list of required st…ce nodes for the current kernel...
         Starting Uncomplicated firewall...
         Starting Monitoring of LVM2 mirrors…ng dmeventd or progress polling...
         Starting Load Kernel Modules...
[[0;32m  OK  [0m] Created slice system-serial\x2dgetty.slice.
         Mounting POSIX Message Queue File System...
         Mounting Huge Pages File System...
[[0;32m  OK  [0m] Reached target Slices.
         Starting Set the console keyboard layout...
[[0;32m  OK  [0m] Mounted Kernel Debug File System.
[[0;32m  OK  [0m] Started Remount Root and Kernel File Systems.[   25.717805] Loading iSCSI transport class v2.0-870.

[[0;32m  OK  [0m] Started Create list of required sta…vice nodes for the current kernel.
[[0;32m  OK  [0m] Started Uncomplicated firewall.
[[0;32m  OK  [0m] Mounted POSIX Message Queue File System.
[[0;32m  OK  [0m] Mounted Huge Pages File System.
         Starting Create Static Device Nodes in /dev...
         Starting Load/Save Random Seed...
[   26.143946] iscsi: registered transport (tcp)
[[0;32m  OK  [0m] Started Journal Service.
         Starting Flush Journal to Persistent Storage...
[[0;32m  OK  [0m] Started Load/Save Random Seed.
[[0;32m  OK  [0m] Started LVM2 metadata daemon.
[   26.582864] systemd-journald[411]: Received request to flush runtime journal from PID 1
[[0;32m  OK  [0m] Started Create Static Device Nodes in /dev.
         Starting udev Kernel Device Manager...
[   26.893822] systemd-journald[411]: File /var/log/journal/39d154d24ba440af92b7771b44a9fd9d/system.journal corrupted or uncleanly shut down, renaming and replacing.
[   26.956667] iscsi: registered transport (iser)
[[0;32m  OK  [0m] Started Monitoring of LVM2 mirrors,…sing dmeventd or progress polling.
[[0;32m  OK  [0m] Started udev Coldplug all Devices.
[[0;32m  OK  [0m] Started Load Kernel Modules.
         Starting Apply Kernel Variables...
         Mounting FUSE Control File System...
         Mounting Kernel Configuration File System...
[[0;32m  OK  [0m] Mounted FUSE Control File System.
[[0;32m  OK  [0m] Mounted Kernel Configuration File System.
[[0;32m  OK  [0m] Started Apply Kernel Variables.
[[0;32m  OK  [0m] Started udev Kernel Device Manager.
[[0;32m  OK  [0m] Started Flush Journal to Persistent Storage.
[[0;32m  OK  [0m] Started Set the console keyboard layout.
[[0;32m  OK  [0m] Started Dispatch Password Requests to Console Directory Watch.
[[0;32m  OK  [0m] Reached target Local Encrypted Volumes.
[[0;32m  OK  [0m] Reached target Local File Systems (Pre).
[[0;32m  OK  [0m] Reached target Local File Systems.
         Starting ebtables ruleset management...
         Starting Set console font and keymap...
         Starting Create Volatile Files and Directories...
         Starting AppArmor initialization...
         Starting Tell Plymouth To Write Out Runtime Data...
[[0;32m  OK  [0m] Started Set console font and keymap.
[[0;32m  OK  [0m] Started Tell Plymouth To Write Out Runtime Data.
[[0;32m  OK  [0m] Started Create Volatile Files and Directories.
         Starting Update UTMP about System Boot/Shutdown...
[[0;32m  OK  [0m] Started Update UTMP about System Boot/Shutdown.
[[0;32m  OK  [0m] Started ebtables ruleset management.
[[0;32m  OK  [0m] Started AppArmor initialization.
         Starting Load AppArmor profiles managed internally by snapd...
         Starting Initial cloud-init job (pre-networking)...
         Mounting Arbitrary Executable File Formats File System...
[[0;32m  OK  [0m] Found device /dev/ttyS0.
[[0;32m  OK  [0m] Mounted Arbitrary Executable File Formats File System.
[[0;32m  OK  [0m] Started Load AppArmor profiles managed internally by snapd.
[[0;32m  OK  [0m] Listening on Load/Save RF Kill Switch Status /dev/rfkill Watch.
[   39.462466] cloud-init[530]: Cloud-init v. 23.1.2-0ubuntu0~18.04.1 running 'init-local' at Wed, 23 Jul 2025 11:42:54 +0000. Up 38.72 seconds.
[[0;32m  OK  [0m] Started Initial cloud-init job (pre-networking).
[[0;32m  OK  [0m] Reached target Network (Pre).
         Starting Network Service...
[[0;32m  OK  [0m] Started Network Service.
         Starting Network Name Resolution...
         Starting Wait for Network to be Configured...
[[0;32m  OK  [0m] Started Network Name Resolution.
[[0;32m  OK  [0m] Reached target Host and Network Name Lookups.
[[0;32m  OK  [0m] Reached target Network.
[[0;32m  OK  [0m] Started Wait for Network to be Configured.
         Starting Initial cloud-init job (metadata service crawler)...
[   44.881866] cloud-init[683]: Cloud-init v. 23.1.2-0ubuntu0~18.04.1 running 'init' at Wed, 23 Jul 2025 11:42:59 +0000. Up 44.30 seconds.
[   44.958360] cloud-init[683]: ci-info: ++++++++++++++++++++++++++++++++++++++Net device info+++++++++++++++++++++++++++++++++++++++
[   45.006627] cloud-init[683]: ci-info: +--------+------+-----------------------------+---------------+--------+-------------------+
[   45.070190] cloud-init[683]: ci-info: | Device |  Up  |           Address           |      Mask     | Scope  |     Hw-Address    |
[   45.122048] cloud-init[683]: ci-info: +--------+------+-----------------------------+---------------+--------+-------------------+
[   45.174189] cloud-init[683]: ci-info: | enp0s3 | True |          10.0.2.15          | 255.255.255.0 | global | 02:3b:7b:b7:3b:2d |
[   45.226226] cloud-init[683]: ci-info: | enp0s3 | True |  fe80::3b:7bff:feb7:3b2d/64 |       .       |  link  | 02:3b:7b:b7:3b:2d |
[   45.291256] cloud-init[683]: ci-info: | enp0s8 | True |        192.168.56.103       | 255.255.255.0 | global | 08:00:27:29:d9:de |
[   45.345726] cloud-init[683]: ci-info: | enp0s8 | True | fe80::a00:27ff:fe29:d9de/64 |       .       |  link  | 08:00:27:29:d9:de |
[   45.417978] cloud-init[683]: ci-info: |   lo   | True |          127.0.0.1          |   255.0.0.0   |  host  |         .         |
[   45.476202] cloud-init[683]: ci-info: |   lo   | True |           ::1/128           |       .       |  host  |         .         |
[   45.513786] cloud-init[683]: ci-info: +--------+------+-----------------------------+---------------+--------+-------------------+
[   45.557177] cloud-init[683]: ci-info: +++++++++++++++++++++++++++++Route IPv4 info+++++++++++++++++++++++++++++
[   45.607276] cloud-init[683]: ci-info: +-------+--------------+----------+-----------------+-----------+-------+
[   45.646326] cloud-init[683]: ci-info: | Route | Destination  | Gateway  |     Genmask     | Interface | Flags |
[   45.683225] cloud-init[683]: ci-info: +-------+--------------+----------+-----------------+-----------+-------+
[   45.719037] cloud-init[683]: ci-info: |   0   |   0.0.0.0    | 10.0.2.2 |     0.0.0.0     |   enp0s3  |   UG  |
[   45.772989] cloud-init[683]: ci-info: |   1   |   10.0.2.0   | 0.0.0.0  |  255.255.255.0  |   enp0s3  |   U   |
[   45.814076] cloud-init[683]: ci-info: |   2   |   10.0.2.2   | 0.0.0.0  | 255.255.255.255 |   enp0s3  |   UH  |
[   45.837522] cloud-init[683]: ci-info: |   3   | 192.168.56.0 | 0.0.0.0  |  255.255.255.0  |   enp0s8  |   U   |
[   45.872989] cloud-init[683]: ci-info: +-------+--------------+----------+-----------------+-----------+-------+
[   45.942922] cloud-init[683]: ci-info: +++++++++++++++++++Route IPv6 info+++++++++++++++++++
[   45.998578] cloud-init[683]: ci-info: +-------+-------------+---------+-----------+-------+
[   46.047203] cloud-init[683]: ci-info: | Route | Destination | Gateway | Interface | Flags |
[   46.102945] cloud-init[683]: ci-info: +-------+-------------+---------+-----------+-------+
[   46.142112] cloud-init[683]: ci-info: |   1   |  fe80::/64  |    ::   |   enp0s8  |   U   |
[   46.191080] cloud-init[683]: ci-info: |   2   |  fe80::/64  |    ::   |   enp0s3  |   U   |[
[0;32m  OK  [0m] [   46.240323] Started Initial cloud-init job (metadata service crawler).cloud-init
[[683]: [0;32m  OK  [0mci-info: |   4   |    local    |    ::   |   enp0s3  |   U   |] Reached target Network is Online.
         Starting Availability of block devices...
[[0;32m  OK  [0m] Reached target Remote File Systems (Pre).

[   46.373783]          Mounting /home/vagrant/services...
cloud-init         Mounting /vagrant...
[683]: [[0;32m  OK  [0m] Reached target System Initialization.
[ci-info: |   5   |    local    |    ::   |   enp0s8  |   U   |[0;32m  OK  [0m] Started Daily apt download activities.
[[0;32m  OK  [0m] Started Daily Cleanup of Temporary Directories.
[
[0;32m  OK  [0m] [   46.601468] Listening on D-Bus System Message Bus Socket.
cloud-init         [683]: Starting Docker Socket for the API.
ci-info: |   6   |   ff00::/8  |    ::   |   enp0s8  |   U   |[[0;32m  OK  [0m] Started Discard unused blocks once a week.

[[   46.708111] [0;32m  OK  [0m] cloud-initListening on Open-iSCSI iscsid Socket.[683]: ci-info: |   7   |   ff00::/8  |    ::   |   enp0s3  |   U   |

[   46.750833]          cloud-init[683]: Starting Socket activation for snappy daemon.ci-info: +-------+-------------+---------+-----------+-------+
[[0;32m  OK  [0m] Listening on cloud-init hotplug hook socket.

         Starting LXD - unix socket.
[[0;32m  OK  [0m] Started ACPI Events Check.
[[0;32m  OK  [0m] Listening on ACPID Listen Socket.
[[0;32m  OK  [0m] Listening on UUID daemon activation socket.
[[0;32m  OK  [0m] Started Ubuntu Advantage Timer for running repeated jobs.
[[0;32m  OK  [0m] Started Message of the Day.
[[0;32m  OK  [0m] Started Daily apt upgrade and clean activities.
[[0;32m  OK  [0m] Reached target Timers.
[[0;32m  OK  [0m] Reached target Paths.
[[0;32m  OK  [0m] Reached target Cloud-config availability.
[[0;32m  OK  [0m] Started Availability of block devices.
[[0;32m  OK  [0m] Mounted /home/vagrant/services.
[[0;32m  OK  [0m] Mounted /vagrant.
[[0;32m  OK  [0m] Listening on Docker Socket for the API.
[[0;32m  OK  [0m] Listening on Socket activation for snappy daemon.
[[0;32m  OK  [0m] Listening on LXD - unix socket.
[[0;32m  OK  [0m] Reached target Sockets.
[[0;32m  OK  [0m] Reached target Basic System.
         Starting Login Service...
         Starting Snap Daemon...
[[0;32m  OK  [0m] Started irqbalance daemon.
         Starting LXD - container startup/shutdown...
[[0;32m  OK  [0m] Started FUSE filesystem for LXC.
         Starting containerd container runtime...
[[0;32m  OK  [0m] Started Deferred execution scheduler.
         Starting LSB: Record successful boot for GRUB...
[[0;32m  OK  [0m] Reached target Login Prompts (Pre).
         Starting Dispatcher daemon for systemd-networkd...
         Starting Virtualbox guest utils...
[[0;32m  OK  [0m] Started D-Bus System Message Bus.
[[0;32m  OK  [0m] Started Login Service.
[[0;32m  OK  [0m] Started Unattended Upgrades Shutdown.
         Starting Accounts Service...
         Starting OpenBSD Secure Shell server...
         Starting System Logging Service...
[[0;32m  OK  [0m] Started Regular background program processing daemon.
[[0;32m  OK  [0m] Reached target Remote File Systems.
         Starting LSB: automatic crash report generation...
         Starting Permit User Sessions...
[[0;32m  OK  [0m] Started Permit User Sessions.
         Starting Hold until boot process finishes up...
         Starting Terminate Plymouth Boot Screen...
[[0;32m  OK  [0m] Started Terminate Plymouth Boot Screen.
[[0;32m  OK  [0m] Started Hold until boot process finishes up.
         Starting Set console scheme...
[[0;32m  OK  [0m] Started Serial Getty on ttyS0.
[[0;32m  OK  [0m] Started Set console scheme.
[[0;32m  OK  [0m] Created slice system-getty.slice.
[[0;32m  OK  [0m] Started Getty on tty1.
[[0;32m  OK  [0m] Reached target Login Prompts.
[[0;32m  OK  [0m] Started System Logging Service.
[[0;32m  OK  [0m] Started LSB: Record successful boot for GRUB.
         Starting Authorization Manager...
[[0;32m  OK  [0m] Started OpenBSD Secure Shell server.
[[0;32m  OK  [0m] Started LSB: automatic crash report generation.
[[0;32m  OK  [0m] Started Authorization Manager.
[[0;32m  OK  [0m] Started Accounts Service.
[[0;32m  OK  [0m] Started LXD - container startup/shutdown.
[[0;32m  OK  [0m] Started Virtualbox guest utils.
[[0;32m  OK  [0m] Created slice User Slice of vagrant.
         Starting User Manager for UID 1000...
[[0;32m  OK  [0m] Started Session 1 of user vagrant.
[[0;32m  OK  [0m] Started Dispatcher daemon for systemd-networkd.
[[0;32m  OK  [0m] Started User Manager for UID 1000.

Ubuntu 18.04.6 LTS worker02 ttyS0

worker02 login: [   69.893081] cloud-init[1078]: Cloud-init v. 23.1.2-0ubuntu0~18.04.1 running 'modules:config' at Wed, 23 Jul 2025 11:43:23 +0000. Up 68.20 seconds.
[   90.634015] cloud-init[1931]: Cloud-init v. 23.1.2-0ubuntu0~18.04.1 running 'modules:final' at Wed, 23 Jul 2025 11:43:44 +0000. Up 89.43 seconds.
[   90.770438] cloud-init[1931]: Cloud-init v. 23.1.2-0[[0;32m  OK  [0m] Stopped Unattended Upgrades Shutdown.
[[0;32m  OK  [0m] Stopped target Graphical Interface.
         Stopping Authorization Manager...
         Stopping Availability of block devices...
         Stopping User Manager for UID 1000...
         Stopping Accounts Service...
         Stopping Session 5 of user vagrant.
[[0;32m  OK  [0m] Stopped target Timers.
[[0;32m  OK  [0m] Stopped Daily Cleanup of Temporary Directories.
[[0;32m  OK  [0m] Stopped Message of the Day.
[[0;32m  OK  [0m] Stopped target Cloud-init target.
[[0;32m  OK  [0m] Stopped Execute cloud user/final scripts.
[[0;32m  OK  [0m] Stopped target Multi-User System.
         Stopping System Logging Service...
         Stopping LSB: Record successful boot for GRUB...
         Stopping LSB: automatic crash report generation...
         Stopping Docker Application Container Engine...
         Stopping Deferred execution scheduler...
         Stopping Virtualbox guest utils...
         Stopping Dispatcher daemon for systemd-networkd...
         Stopping OpenBSD Secure Shell server...
         Stopping FUSE filesystem for LXC...
         Stopping Regular background program processing daemon...
[[0;32m  OK  [0m] Stopped Discard unused blocks once a week.
[[0;32m  OK  [0m] Stopped Daily apt upgrade and clean activities.
[[0;32m  OK  [0m] Stopped Daily apt download activities.
         Stopping D-Bus System Message Bus...
[[0;32m  OK  [0m] Stopped Apply the settings specified in cloud-config.
[[0;32m  OK  [0m] Stopped Wait until snapd is fully seeded.
[[0;32m  OK  [0m] Stopped target Cloud-config availability.
[[0;32m  OK  [0m] Stopped Ubuntu Advantage Timer for running repeated jobs.
[[0;32m  OK  [0m] Stopped target Login Prompts.
         Stopping Serial Getty on ttyS0...
         Stopping Getty on tty1...
[[0;32m  OK  [0m] Stopped target System Time Synchronized.
[[0;32m  OK  [0m] Stopped target Host and Network Name Lookups.
[[0;32m  OK  [0m] Closed Load/Save RF Kill Switch Status /dev/rfkill Watch.
         Stopping LXD - container startup/shutdown...
[[0;32m  OK  [0m] Stopped Dispatcher daemon for systemd-networkd.
[[0;32m  OK  [0m] Stopped Deferred execution scheduler.
[[0;32m  OK  [0m] Stopped Regular background program processing daemon.
[[0;32m  OK  [0m] Unmounted /var/lib/lxcfs.
[[0;32m  OK  [0m] Stopped Accounts Service.
[[0;32m  OK  [0m] Stopped OpenBSD Secure Shell server.
[[0;32m  OK  [0m] Stopped Authorization Manager.
[[0;32m  OK  [0m] Stopped Serial Getty on ttyS0.
[[0;32m  OK  [0m] Stopped Getty on tty1.
[[0;32m  OK  [0m] Stopped User Manager for UID 1000.
[[0;32m  OK  [0m] Stopped D-Bus System Message Bus.
[[0;32m  OK  [0m] Stopped FUSE filesystem for LXC.
[[0;32m  OK  [0m] Stopped Session 5 of user vagrant.
[[0;32m  OK  [0m] Removed slice User Slice of vagrant.
         Stopping Login Service...
[[0;32m  OK  [0m] Removed slice system-getty.slice.
         Stopping Permit User Sessions...
[[0;32m  OK  [0m] Stopped target Login Prompts (Pre).
[[0;32m  OK  [0m] Removed slice system-serial\x2dgetty.slice.
[[0;32m  OK  [0m] Stopped LXD - container startup/shutdown.
[[0;32m  OK  [0m] Stopped LSB: Record successful boot for GRUB.
[[0;32m  OK  [0m] Stopped Login Service.
[[0;32m  OK  [0m] Stopped Permit User Sessions.
[[0;32m  OK  [0m] Stopped target User and Group Name Lookups.
[[0;32m  OK  [0m] Stopped Availability of block devices.
[[0;32m  OK  [0m] Stopped LSB: automatic crash report generation.
[[0;32m  OK  [0m] Stopped target Remote File Systems.
         Unmounting /home/vagrant/services...
         Unmounting /vagrant...
[[0;32m  OK  [0m] Unmounted /home/vagrant/services.
[[0;32m  OK  [0m] Stopped Virtualbox guest utils.
[[0;32m  OK  [0m] Stopped System Logging Service.
[[0;32m  OK  [0m] Unmounted /vagrant.
[[0;32m  OK  [0m] Stopped target Remote File Systems (Pre).
[    [0;31m*[0;1;31m*[0m] A stop job is running for Docker Ap… Container Engine (12s / 1min 32s)[K[     [0;31m*[0m] A stop job is running for Docker Ap… Container Engine (13s / 1min 32s)[K[    [0;31m*[0;1;31m*[0m] A stop job is running for Docker Ap… Container Engine (13s / 1min 32s)[K[   [0;31m*[0;1;31m*[0m[0;31m*[0m] A stop job is running for Docker Ap… Container Engine (14s / 1min 32s)[K[  [0;31m*[0;1;31m*[[ 6706.617593] IPVS: rr: FWM 342 0x00000156 - no destination available
[ 6707.647340] IPVS: rr: FWM 342 0x00000156 - no destination available
[ 6708.822143] IPVS: rr: FWM 342 0x00000156 - no destination available
[[0;32m  OK  [0m] Stopped Unattended Upgrades Shutdown.
[[0;32m  OK  [0m] Closed Load/Save RF Kill Switch Status /dev/rfkill Watch.
[[0;32m  OK  [0m] Stopped target Cloud-init target.
         Stopping User Manager for UID 1000...
         Stopping Authorization Manager...
[[0;32m  OK  [0m] Stopped target Host and Network Name Lookups.
[[0;32m  OK  [0m] Stopped Execute cloud user/final scripts.
[[0;32m  OK  [0m] Stopped Apply the settings specified in cloud-config.
[[0;32m  OK  [0m] Stopped target Graphical Interface.
         Stopping Accounts Service...
         Stopping Session 6 of user vagrant.
         Stopping Availability of block devices...
[[0;32m  OK  [0m] Stopped target Multi-User System.
         Stopping LSB: Record successful boot for GRUB...
         Stopping System Logging Service...
         Stopping LSB: automatic crash report generation...
[[0;32m  OK  [0m] Stopped target Login Prompts.
         Stopping Getty on tty1...
         Stopping D-Bus System Message Bus...
         Stopping Virtualbox guest utils...
[[0;32m  OK  [0m] Stopped Wait until snapd is fully seeded.
         Stopping Dispatcher daemon for systemd-networkd...
         Stopping FUSE filesystem for LXC...
         Stopping LXD - container startup/shutdown...
         Stopping Docker Application Container Engine...
[[0;32m  OK  [0m] Stopped target Cloud-config availability.
[[0;32m  OK  [0m] Stopped target Timers.
[[0;32m  OK  [0m] Stopped Message of the Day.
[[0;32m  OK  [0m] Stopped Ubuntu Advantage Timer for running repeated jobs.
[[0;32m  OK  [0m] Stopped Discard unused blocks once a week.
[[0;32m  OK  [0m] Stopped Daily apt upgrade and clean activities.
[[0;32m  OK  [0m] Stopped Daily Cleanup of Temporary Directories.
[[0;32m  OK  [0m] Stopped Daily apt download activities.
[[0;32m  OK  [0m] Stopped target System Time Synchronized.
         Stopping Serial Getty on ttyS0...
         Stopping Regular background program processing daemon...
         Stopping OpenBSD Secure Shell server...
         Stopping Deferred execution scheduler...
[[0;32m  OK  [0m] Stopped Dispatcher daemon for systemd-networkd.
[[0;32m  OK  [0m] Stopped Authorization Manager.
[[0;32m  OK  [0m] Stopped Regular background program processing daemon.
[[0;32m  OK  [0m] Stopped Getty on tty1.
[[0;32m  OK  [0m] Stopped Serial Getty on ttyS0.
[[0;32m  OK  [0m] Stopped OpenBSD Secure Shell server.
[[0;32m  OK  [0m] Stopped User Manager for UID 1000.
[[0;32m  OK  [0m] Stopped D-Bus System Message Bus.
[[0;32m  OK  [0m] Unmounted /var/lib/lxcfs.
[[0;32m  OK  [0m] Stopped Session 6 of user vagrant.
[[0;32m  OK  [0m] Removed slice User Slice of vagrant.
         Stopping Login Service...
[[0;32m  OK  [0m] Removed slice system-serial\x2dgetty.slice.
[[0;32m  OK  [0m] Stopped target Login Prompts (Pre).
[[0;32m  OK  [0m] Removed slice system-getty.slice.
         Stopping Permit User Sessions...
[[0;32m  OK  [0m] Stopped Deferred execution scheduler.
[[0;32m  OK  [0m] Stopped Login Service.
[[0;32m  OK  [0m] Stopped Accounts Service.
[[0;32m  OK  [0m] Stopped System Logging Service.
[[0;32m  OK  [0m] Stopped Permit User Sessions.
[[0;32m  OK  [0m] Stopped FUSE filesystem for LXC.
[[0;32m  OK  [0m] Stopped LXD - container startup/shutdown.
[[0;32m  OK  [0m] Stopped target User and Group Name Lookups.
[[0;32m  OK  [0m] Stopped LSB: Record successful boot for GRUB.
[[0;32m  OK  [0m] Stopped LSB: automatic crash report generation.
[[0;32m  OK  [0m] Stopped target Remote File Systems.
         Unmounting /vagrant...
         Unmounting /home/vagrant/services...
[[0;1;31mFAILED[0m] Failed unmounting /vagrant.
[[0;32m  OK  [0m] Stopped Availability of block devices.
[[0;32m  OK  [0m] Unmounted /home/vagrant/services.
[[0;32m  OK  [0m] Stopped target Remote File Systems (Pre).
[[0;32m  OK  [0m] Stopped Virtualbox guest utils.
[    [0;31m*[0;1;31m*[0m] A stop job is running for Docker Ap…n Container Engine (8s / 1min 30s)[K[   [0;31m*[0;1;31m*[0m[0;31m*[0m] A stop job is running for Docker Ap…n Container Engine (8s / 1min 30s)[K[  [0;31m*[0;1;31m*[0m[0;31m* [0m] A stop job is running for Docker Ap…n Container Engine (9s / 1min 30s)[K[ [0;31m*[0;1;31m*[0m[0;31m*  [0m] A stop job is running for Docker Ap…n Container Engine (9s / 1min 30s)[K[[0;31m*[0;1;31m*[0m[0;31m*   [0m] A stop job is running for Docker Ap… Container Engine (10s / 1min 30s)[K[[0;1;31m*[0m[0;31m*    [0m] A stop job is running for Docker Ap… Container Engine (10s / 1min 30s)[K[[0m[0;31m*     [0m] A stop job is running for Docker Ap… Container Engine (11s / 1min 30s)[K[[0;32m  OK  [0m] Unmounted /run/docker/netns/44d644d85531.
[[0;32m  OK  [0m] Unmounted /var/lib/docker/overlay2/…e72d3491d8085b337a26d62ad6/merged.
[[0;32m  OK  [0m] Unmounted /run/docker/netns/63409441af89.
[[0;32m  OK  [0m] Unmounted /var/lib/docker/overlay2/…ca50583c9a243dda34686c2c6d/merged.
[[0;32m  OK  [0m] Unmounted /run/docker/netns/1-i02srfdfdk.
[[0;32m  OK  [0m] Unmounted /run/docker/netns/lb_i02srfdfd.
[[0;32m  OK  [0m] Unmounted /run/docker/netns/7a85eea04ca8.
[[0;32m  OK  [0m] Unmounted /var/lib/docker/overlay2/…e6e8b6f5aa20db7f17876109e7/merged.
[[0;32m  OK  [0m] Unmounted /run/docker/netns/14951f05ad64.
[[0;32m  OK  [0m] Unmounted /var/lib/docker/overlay2/…d1003211eaab4e88d5c0d5cbd6/merged.
[[0;32m  OK  [0m] Unmounted /run/docker/netns/8cbe45700a58.
[[0;32m  OK  [0m] Unmounted /var/lib/docker/overlay2/…554b81dd50ba65d5fc405c8517/merged.
[[0;32m  OK  [0m] Unmounted /run/docker/netns/5b3f9e18c823.
[[0;32m  OK  [0m] Unmounted /run/docker/netns/f51235f5f56a.
[[0;32m  OK  [0m] Unmounted /var/lib/docker/overlay2/…9752fc1b68c07382b877024770/merged.
[[0;32m  OK  [0m] Unmounted /var/lib/docker/overlay2/…edd331ff67b89476f4154f4494/merged.
[[0;32m  OK  [0m] Unmounted /var/lib/docker/overlay2/…adae2c09ec102a95e64817fb99/merged.
[[0;32m  OK  [0m] Unmounted /run/docker/netns/68a371ed957f.
[[0;32m  OK  [0m] Unmounted /var/lib/docker/overlay2/…d3fd603b90851f9f9be8376a8b/merged.
[[0;32m  OK  [0m] Unmounted /run/docker/netns/9c1ccfcd33ae.
[[0;32m  OK  [0m] Unmounted /var/lib/docker/overlay2/…1193a54f799e083dfc3c991a6a/merged.
[[0;32m  OK  [0m] Unmounted /run/docker/netns/2f8113704cf6.
[[0;32m  OK  [0m] Unmounted /var/lib/docker/overlay2/…fef1cdea07e312d7e0acf3316c/merged.
[[0;32m  OK  [0m] Unmounted /run/docker/netns/1-2b1o3kual0.
[[0;32m  OK  [0m] Unmounted /run/docker/netns/lb_2b1o3kual.
[[0;32m  OK  [0m] Unmounted /run/docker/netns/1-nzxpslt9rm.
[[0;32m  OK  [0m] Unmounted /run/docker/netns/ingress_sbox.
[[0;32m  OK  [0m] Stopped Docker Application Container Engine.
[[0;32m  OK  [0m] Stopped target Network is Online.
         Stopping containerd container runtime...
[[0;32m  OK  [0m] Stopped containerd container runtime.
[[0;32m  OK  [0m] Stopped target Network.
         Stopping Network Name Resolution...
[[0;32m  OK  [0m] Stopped target Basic System.
[[0;32m  OK  [0m] Stopped target Sockets.
[[0;32m  OK  [0m] Closed ACPID Listen Socket.
[[0;32m  OK  [0m] Closed D-Bus System Message Bus Socket.
[[0;32m  OK  [0m] Closed Open-iSCSI iscsid Socket.
[[0;32m  OK  [0m] Closed cloud-init hotplug hook socket.
[[0;32m  OK  [0m] Closed Syslog Socket.
[[0;32m  OK  [0m] Closed LXD - unix socket.
[[0;32m  OK  [0m] Closed Docker Socket for the API.
[[0;32m  OK  [0m] Closed Socket activation for snappy daemon.
[[0;32m  OK  [0m] Closed UUID daemon activation socket.
[[0;32m  OK  [0m] Stopped target Slices.
[[0;32m  OK  [0m] Removed slice User and Session Slice.
[[0;32m  OK  [0m] Stopped target Paths.
[[0;32m  OK  [0m] Stopped ACPI Events Check.
[[0;32m  OK  [0m] Stopped target System Initialization.
[[0;32m  OK  [0m] Stopped Initial cloud-init job (metadata service crawler).
         Stopping Update UTMP about System Boot/Shutdown...
[[0;32m  OK  [0m] Stopped target Local Encrypted Volumes.
[[0;32m  OK  [0m] Stopped Dispatch Password Requests to Console Directory Watch.
[[0;32m  OK  [0m] Stopped Forward Password Requests to Wall Directory Watch.
         Stopping Load/Save Random Seed...
[[0;32m  OK  [0m] Stopped Network Name Resolution.
[[0;32m  OK  [0m] Stopped Load/Save Random Seed.
[[0;32m  OK  [0m] Stopped Update UTMP about System Boot/Shutdown.
         Stopping Network Service...
[[0;32m  OK  [0m] Stopped Create Volatile Files and Directories.
[[0;32m  OK  [0m] Stopped target Local File Systems.
         Unmounting /run/user/1000...
[[0;32m  OK  [0m] Stopped target Mounted snaps.
[[0;32m  OK  [0m] Stopped target Mounting snaps.
[[0;32m  OK  [0m] Unmounted /run/user/1000.
[[0;32m  OK  [0m] Reached target Unmount All Filesystems.
[[0;32m  OK  [0m] Stopped target Local File Systems (Pre).
         Stopping Monitoring of LVM2 mirrors…ng dmeventd or progress polling...
[[0;32m  OK  [0m] Stopped Create Static Device Nodes in /dev.
[[0;32m  OK  [0m] Stopped target Swap.
[[0;32m  OK  [0m] Stopped Network Service.
[[0;32m  OK  [0m] Stopped target Network (Pre).
[[0;32m  OK  [0m] Stopped Initial cloud-init job (pre-networking).
[[0;32m  OK  [0m] Stopped Remount Root and Kernel File Systems.
[[0;32m  OK  [0m] Stopped Apply Kernel Variables.
[[0;32m  OK  [0m] Stopped Load Kernel Modules.
[[0;32m  OK  [0m] Reached target Shutdown.
[[0;32m  OK  [0m] Reached target Final Step.
         Starting Power-Off...
[ 6768.210688] reboot: Power down
