==39753== Memcheck, a memory error detector
==39753== Copyright (C) 2002-2017, and GNU GPL'd, by Julian Seward et al.
==39753== Using Valgrind-3.18.1 and LibVEX; rerun with -h for copyright info
==39753== Command: ./s21_cat
==39753== 
==39753== 
==39753== Process terminating with default action of signal 2 (SIGINT)
==39753==    at 0x49767E2: read (read.c:26)
==39753==    by 0x48EEC35: _IO_file_underflow@@GLIBC_2.2.5 (fileops.c:516)
==39753==    by 0x48EFD95: _IO_default_uflow (genops.c:362)
==39753==    by 0x1094CC: FilePrint (in /home/lora/DO6_CICD-1/src/cat/s21_cat)
==39753==    by 0x109334: main (in /home/lora/DO6_CICD-1/src/cat/s21_cat)
==39753== 
==39753== HEAP SUMMARY:
==39753==     in use at exit: 1,024 bytes in 1 blocks
==39753==   total heap usage: 1 allocs, 0 frees, 1,024 bytes allocated
==39753== 
==39753== LEAK SUMMARY:
==39753==    definitely lost: 0 bytes in 0 blocks
==39753==    indirectly lost: 0 bytes in 0 blocks
==39753==      possibly lost: 0 bytes in 0 blocks
==39753==    still reachable: 1,024 bytes in 1 blocks
==39753==         suppressed: 0 bytes in 0 blocks
==39753== Rerun with --leak-check=full to see details of leaked memory
==39753== 
==39753== For lists of detected and suppressed errors, rerun with: -s
==39753== ERROR SUMMARY: 0 errors from 0 contexts (suppressed: 0 from 0)
